<?xml version="1.0" encoding="UTF-8"?>
<testsuite name="com.example.lesson3.service.CustomUserDetailsServiceTest" tests="2" skipped="0" failures="0" errors="0" timestamp="2026-03-10T07:07:59.808Z" hostname="7d7c05515814" time="0.137">
  <properties/>
  <testcase name="testLoadUserByUsername_Success()" classname="com.example.lesson3.service.CustomUserDetailsServiceTest" time="0.129"/>
  <testcase name="testLoadUserByUsername_UserNotFound()" classname="com.example.lesson3.service.CustomUserDetailsServiceTest" time="0.006"/>
  <system-out><![CDATA[07:07:32.788 [Test worker] DEBUG org.springframework.test.context.BootstrapUtils - Instantiating CacheAwareContextLoaderDelegate from class [org.springframework.test.context.cache.DefaultCacheAwareContextLoaderDelegate]
07:07:32.851 [Test worker] DEBUG org.springframework.test.context.BootstrapUtils - Instantiating BootstrapContext using constructor [public org.springframework.test.context.support.DefaultBootstrapContext(java.lang.Class,org.springframework.test.context.CacheAwareContextLoaderDelegate)]
07:07:32.983 [Test worker] DEBUG org.springframework.test.context.BootstrapUtils - Instantiating TestContextBootstrapper for test class [com.example.lesson3.service.CustomUserDetailsServiceTest] from class [org.springframework.boot.test.context.SpringBootTestContextBootstrapper]
07:07:33.045 [Test worker] INFO org.springframework.boot.test.context.SpringBootTestContextBootstrapper - Neither @ContextConfiguration nor @ContextHierarchy found for test class [com.example.lesson3.service.CustomUserDetailsServiceTest], using SpringBootContextLoader
07:07:33.067 [Test worker] DEBUG org.springframework.test.context.support.AbstractContextLoader - Did not detect default resource location for test class [com.example.lesson3.service.CustomUserDetailsServiceTest]: class path resource [com/example/lesson3/service/CustomUserDetailsServiceTest-context.xml] does not exist
07:07:33.071 [Test worker] DEBUG org.springframework.test.context.support.AbstractContextLoader - Did not detect default resource location for test class [com.example.lesson3.service.CustomUserDetailsServiceTest]: class path resource [com/example/lesson3/service/CustomUserDetailsServiceTestContext.groovy] does not exist
07:07:33.071 [Test worker] INFO org.springframework.test.context.support.AbstractContextLoader - Could not detect default resource locations for test class [com.example.lesson3.service.CustomUserDetailsServiceTest]: no resource found for suffixes {-context.xml, Context.groovy}.
07:07:33.074 [Test worker] INFO org.springframework.test.context.support.AnnotationConfigContextLoaderUtils - Could not detect default configuration classes for test class [com.example.lesson3.service.CustomUserDetailsServiceTest]: CustomUserDetailsServiceTest does not declare any static, non-private, non-final, nested classes annotated with @Configuration.
07:07:33.294 [Test worker] DEBUG org.springframework.test.context.support.ActiveProfilesUtils - Could not find an 'annotation declaring class' for annotation type [org.springframework.test.context.ActiveProfiles] and class [com.example.lesson3.service.CustomUserDetailsServiceTest]
07:07:33.715 [Test worker] DEBUG org.springframework.context.annotation.ClassPathScanningCandidateComponentProvider - Identified candidate component class: file [/app/build/classes/java/main/com/example/lesson3/Lesson3Application.class]
07:07:33.720 [Test worker] INFO org.springframework.boot.test.context.SpringBootTestContextBootstrapper - Found @SpringBootConfiguration com.example.lesson3.Lesson3Application for test class com.example.lesson3.service.CustomUserDetailsServiceTest
07:07:34.213 [Test worker] DEBUG org.springframework.boot.test.context.SpringBootTestContextBootstrapper - @TestExecutionListeners is not present for class [com.example.lesson3.service.CustomUserDetailsServiceTest]: using defaults.
07:07:34.216 [Test worker] INFO org.springframework.boot.test.context.SpringBootTestContextBootstrapper - Loaded default TestExecutionListener class names from location [META-INF/spring.factories]: [org.springframework.security.test.context.support.WithSecurityContextTestExecutionListener, org.springframework.security.test.context.support.ReactorContextTestExecutionListener, org.springframework.boot.test.autoconfigure.restdocs.RestDocsTestExecutionListener, org.springframework.boot.test.autoconfigure.web.client.MockRestServiceServerResetTestExecutionListener, org.springframework.boot.test.autoconfigure.web.servlet.MockMvcPrintOnlyOnFailureTestExecutionListener, org.springframework.boot.test.autoconfigure.web.servlet.WebDriverTestExecutionListener, org.springframework.boot.test.autoconfigure.webservices.client.MockWebServiceServerTestExecutionListener, org.springframework.boot.test.mock.mockito.MockitoTestExecutionListener, org.springframework.boot.test.mock.mockito.ResetMocksTestExecutionListener, org.springframework.test.context.web.ServletTestExecutionListener, org.springframework.test.context.support.DirtiesContextBeforeModesTestExecutionListener, org.springframework.test.context.event.ApplicationEventsTestExecutionListener, org.springframework.test.context.support.DependencyInjectionTestExecutionListener, org.springframework.test.context.support.DirtiesContextTestExecutionListener, org.springframework.test.context.transaction.TransactionalTestExecutionListener, org.springframework.test.context.jdbc.SqlScriptsTestExecutionListener, org.springframework.test.context.event.EventPublishingTestExecutionListener]
07:07:34.340 [Test worker] INFO org.springframework.boot.test.context.SpringBootTestContextBootstrapper - Using TestExecutionListeners: [org.springframework.test.context.web.ServletTestExecutionListener@664a9613, org.springframework.test.context.support.DirtiesContextBeforeModesTestExecutionListener@5118388b, org.springframework.test.context.event.ApplicationEventsTestExecutionListener@15a902e7, org.springframework.boot.test.mock.mockito.MockitoTestExecutionListener@7876d598, org.springframework.boot.test.autoconfigure.SpringBootDependencyInjectionTestExecutionListener@4a3e3e8b, org.springframework.test.context.support.DirtiesContextTestExecutionListener@5af28b27, org.springframework.test.context.transaction.TransactionalTestExecutionListener@71104a4, org.springframework.test.context.jdbc.SqlScriptsTestExecutionListener@4985cbcb, org.springframework.security.test.context.support.WithSecurityContextTestExecutionListener@72f46e16, org.springframework.test.context.event.EventPublishingTestExecutionListener@3c9168dc, org.springframework.security.test.context.support.ReactorContextTestExecutionListener@332a7fce, org.springframework.boot.test.autoconfigure.restdocs.RestDocsTestExecutionListener@549621f3, org.springframework.boot.test.autoconfigure.web.client.MockRestServiceServerResetTestExecutionListener@54361a9, org.springframework.boot.test.autoconfigure.web.servlet.MockMvcPrintOnlyOnFailureTestExecutionListener@32232e55, org.springframework.boot.test.autoconfigure.web.servlet.WebDriverTestExecutionListener@5217f3d0, org.springframework.boot.test.autoconfigure.webservices.client.MockWebServiceServerTestExecutionListener@37ebc9d8, org.springframework.boot.test.mock.mockito.ResetMocksTestExecutionListener@293bb8a5]
07:07:34.361 [Test worker] DEBUG org.springframework.test.context.support.AbstractDirtiesContextTestExecutionListener - Before test class: context [DefaultTestContext@2fab4aff testClass = CustomUserDetailsServiceTest, testInstance = [null], testMethod = [null], testException = [null], mergedContextConfiguration = [WebMergedContextConfiguration@ec0c838 testClass = CustomUserDetailsServiceTest, locations = '{}', classes = '{class com.example.lesson3.Lesson3Application}', contextInitializerClasses = '[]', activeProfiles = '{}', propertySourceLocations = '{}', propertySourceProperties = '{org.springframework.boot.test.context.SpringBootTestContextBootstrapper=true}', contextCustomizers = set[org.springframework.boot.test.autoconfigure.actuate.metrics.MetricsExportContextCustomizerFactory$DisableMetricExportContextCustomizer@2654635, org.springframework.boot.test.autoconfigure.properties.PropertyMappingContextCustomizer@0, org.springframework.boot.test.autoconfigure.web.servlet.WebDriverContextCustomizerFactory$Customizer@2fc6f97f, org.springframework.boot.test.context.filter.ExcludeFilterContextCustomizer@67304a40, org.springframework.boot.test.json.DuplicateJsonObjectContextCustomizerFactory$DuplicateJsonObjectContextCustomizer@6399551e, org.springframework.boot.test.mock.mockito.MockitoContextCustomizer@d92af910, org.springframework.boot.test.web.client.TestRestTemplateContextCustomizer@7b84fcf8, org.springframework.boot.test.context.SpringBootTestArgs@1, org.springframework.boot.test.context.SpringBootTestWebEnvironment@5562c41e], resourceBasePath = 'src/main/webapp', contextLoader = 'org.springframework.boot.test.context.SpringBootContextLoader', parent = [null]], attributes = map['org.springframework.test.context.web.ServletTestExecutionListener.activateListener' -> true]], class annotated with @DirtiesContext [false] with mode [null].

  .   ____          _            __ _ _
 /\\ / ___'_ __ _ _(_)_ __  __ _ \ \ \ \
( ( )\___ | '_ | '_| | '_ \/ _` | \ \ \ \
 \\/  ___)| |_)| | | | | || (_| |  ) ) ) )
  '  |____| .__|_| |_|_| |_\__, | / / / /
 =========|_|==============|___/=/_/_/_/
 :: Spring Boot ::               (v2.7.18)

2026-03-10 07:07:35.764  INFO 276 --- [    Test worker] c.e.l.s.CustomUserDetailsServiceTest     : Starting CustomUserDetailsServiceTest using Java 21.0.10 on 7d7c05515814 with PID 276 (started by root in /app)
2026-03-10 07:07:35.766  INFO 276 --- [    Test worker] c.e.l.s.CustomUserDetailsServiceTest     : No active profile set, falling back to 1 default profile: "default"
2026-03-10 07:07:39.384  INFO 276 --- [    Test worker] .s.d.r.c.RepositoryConfigurationDelegate : Bootstrapping Spring Data JPA repositories in DEFAULT mode.
2026-03-10 07:07:40.010  INFO 276 --- [    Test worker] .s.d.r.c.RepositoryConfigurationDelegate : Finished Spring Data repository scanning in 579 ms. Found 5 JPA repository interfaces.
2026-03-10 07:07:45.072  INFO 276 --- [    Test worker] o.hibernate.jpa.internal.util.LogHelper  : HHH000204: Processing PersistenceUnitInfo [name: default]
2026-03-10 07:07:45.480  INFO 276 --- [    Test worker] org.hibernate.Version                    : HHH000412: Hibernate ORM core version 5.6.15.Final
2026-03-10 07:07:45.762  INFO 276 --- [    Test worker] o.hibernate.annotations.common.Version   : HCANN000001: Hibernate Commons Annotations {5.1.2.Final}
2026-03-10 07:07:46.145  INFO 276 --- [    Test worker] com.zaxxer.hikari.HikariDataSource       : HikariPool-1 - Starting...
2026-03-10 07:07:46.775  INFO 276 --- [    Test worker] com.zaxxer.hikari.HikariDataSource       : HikariPool-1 - Start completed.
2026-03-10 07:07:46.898  INFO 276 --- [    Test worker] org.hibernate.dialect.Dialect            : HHH000400: Using dialect: org.hibernate.dialect.H2Dialect
2026-03-10 07:07:50.630  INFO 276 --- [    Test worker] o.h.e.t.j.p.i.JtaPlatformInitiator       : HHH000490: Using JtaPlatform implementation: [org.hibernate.engine.transaction.jta.platform.internal.NoJtaPlatform]
2026-03-10 07:07:50.707  INFO 276 --- [    Test worker] j.LocalContainerEntityManagerFactoryBean : Initialized JPA EntityManagerFactory for persistence unit 'default'
2026-03-10 07:07:56.037  WARN 276 --- [    Test worker] JpaBaseConfiguration$JpaWebConfiguration : spring.jpa.open-in-view is enabled by default. Therefore, database queries may be performed during view rendering. Explicitly configure spring.jpa.open-in-view to disable this warning
2026-03-10 07:07:59.556  INFO 276 --- [    Test worker] c.e.l.s.CustomUserDetailsServiceTest     : Started CustomUserDetailsServiceTest in 25.962 seconds (JVM running for 29.8)
Original password: 123456
Hashed password: $2a$10$iGVtMTe1sPX7z5oQ24P5ae66FvUk6UCfTuydM9.rrBG7FhquTdY/i
Original password: 123456
Hashed password: $2a$10$Z74thW674CajEAJVxNQJlebcbb68qJGKt6a8lovBZnztAP1rnm5b.
]]></system-out>
  <system-err><![CDATA[]]></system-err>
</testsuite>
