<?xml version="1.0" encoding="UTF-8"?>
<testsuite name="com.example.lesson3.Lesson3ApplicationTests" tests="1" skipped="0" failures="0" errors="0" timestamp="2026-03-10T07:08:07.736Z" hostname="7d7c05515814" time="0.001">
  <properties/>
  <testcase name="contextLoads()" classname="com.example.lesson3.Lesson3ApplicationTests" time="0.001"/>
  <system-out><![CDATA[2026-03-10 07:07:59.950  INFO 276 --- [    Test worker] .b.t.c.SpringBootTestContextBootstrapper : Neither @ContextConfiguration nor @ContextHierarchy found for test class [com.example.lesson3.Lesson3ApplicationTests], using SpringBootContextLoader
2026-03-10 07:07:59.959  INFO 276 --- [    Test worker] o.s.t.c.support.AbstractContextLoader    : Could not detect default resource locations for test class [com.example.lesson3.Lesson3ApplicationTests]: no resource found for suffixes {-context.xml, Context.groovy}.
2026-03-10 07:07:59.959  INFO 276 --- [    Test worker] t.c.s.AnnotationConfigContextLoaderUtils : Could not detect default configuration classes for test class [com.example.lesson3.Lesson3ApplicationTests]: Lesson3ApplicationTests does not declare any static, non-private, non-final, nested classes annotated with @Configuration.
2026-03-10 07:08:00.011  INFO 276 --- [    Test worker] .b.t.c.SpringBootTestContextBootstrapper : Found @SpringBootConfiguration com.example.lesson3.Lesson3Application for test class com.example.lesson3.Lesson3ApplicationTests
2026-03-10 07:08:00.023  INFO 276 --- [    Test worker] .b.t.c.SpringBootTestContextBootstrapper : Loaded default TestExecutionListener class names from location [META-INF/spring.factories]: [org.springframework.security.test.context.support.WithSecurityContextTestExecutionListener, org.springframework.security.test.context.support.ReactorContextTestExecutionListener, org.springframework.boot.test.autoconfigure.restdocs.RestDocsTestExecutionListener, org.springframework.boot.test.autoconfigure.web.client.MockRestServiceServerResetTestExecutionListener, org.springframework.boot.test.autoconfigure.web.servlet.MockMvcPrintOnlyOnFailureTestExecutionListener, org.springframework.boot.test.autoconfigure.web.servlet.WebDriverTestExecutionListener, org.springframework.boot.test.autoconfigure.webservices.client.MockWebServiceServerTestExecutionListener, org.springframework.boot.test.mock.mockito.MockitoTestExecutionListener, org.springframework.boot.test.mock.mockito.ResetMocksTestExecutionListener, org.springframework.test.context.web.ServletTestExecutionListener, org.springframework.test.context.support.DirtiesContextBeforeModesTestExecutionListener, org.springframework.test.context.event.ApplicationEventsTestExecutionListener, org.springframework.test.context.support.DependencyInjectionTestExecutionListener, org.springframework.test.context.support.DirtiesContextTestExecutionListener, org.springframework.test.context.transaction.TransactionalTestExecutionListener, org.springframework.test.context.jdbc.SqlScriptsTestExecutionListener, org.springframework.test.context.event.EventPublishingTestExecutionListener]
2026-03-10 07:08:00.028  INFO 276 --- [    Test worker] .b.t.c.SpringBootTestContextBootstrapper : Using TestExecutionListeners: [org.springframework.test.context.web.ServletTestExecutionListener@39adf4e6, org.springframework.test.context.support.DirtiesContextBeforeModesTestExecutionListener@73299197, org.springframework.test.context.event.ApplicationEventsTestExecutionListener@4ef7145f, org.springframework.boot.test.mock.mockito.MockitoTestExecutionListener@1611ce1c, org.springframework.boot.test.autoconfigure.SpringBootDependencyInjectionTestExecutionListener@40cd02fc, org.springframework.test.context.support.DirtiesContextTestExecutionListener@7fd7965b, org.springframework.test.context.transaction.TransactionalTestExecutionListener@9742012, org.springframework.test.context.jdbc.SqlScriptsTestExecutionListener@118d7e0e, org.springframework.security.test.context.support.WithSecurityContextTestExecutionListener@39ff4421, org.springframework.test.context.event.EventPublishingTestExecutionListener@7a59780b, org.springframework.security.test.context.support.ReactorContextTestExecutionListener@5205b3e2, org.springframework.boot.test.autoconfigure.restdocs.RestDocsTestExecutionListener@2802caa2, org.springframework.boot.test.autoconfigure.web.client.MockRestServiceServerResetTestExecutionListener@6b9f5dcf, org.springframework.boot.test.autoconfigure.web.servlet.MockMvcPrintOnlyOnFailureTestExecutionListener@5ab7e997, org.springframework.boot.test.autoconfigure.web.servlet.WebDriverTestExecutionListener@2552cb80, org.springframework.boot.test.autoconfigure.webservices.client.MockWebServiceServerTestExecutionListener@1b3b5252, org.springframework.boot.test.mock.mockito.ResetMocksTestExecutionListener@adb15df]

  .   ____          _            __ _ _
 /\\ / ___'_ __ _ _(_)_ __  __ _ \ \ \ \
( ( )\___ | '_ | '_| | '_ \/ _` | \ \ \ \
 \\/  ___)| |_)| | | | | || (_| |  ) ) ) )
  '  |____| .__|_| |_|_| |_\__, | / / / /
 =========|_|==============|___/=/_/_/_/
 :: Spring Boot ::               (v2.7.18)

2026-03-10 07:08:00.152  INFO 276 --- [    Test worker] c.e.lesson3.Lesson3ApplicationTests      : Starting Lesson3ApplicationTests using Java 21.0.10 on 7d7c05515814 with PID 276 (started by root in /app)
2026-03-10 07:08:00.152  INFO 276 --- [    Test worker] c.e.lesson3.Lesson3ApplicationTests      : No active profile set, falling back to 1 default profile: "default"
2026-03-10 07:08:01.493  INFO 276 --- [    Test worker] .s.d.r.c.RepositoryConfigurationDelegate : Bootstrapping Spring Data JPA repositories in DEFAULT mode.
2026-03-10 07:08:01.885  INFO 276 --- [    Test worker] .s.d.r.c.RepositoryConfigurationDelegate : Finished Spring Data repository scanning in 391 ms. Found 5 JPA repository interfaces.
2026-03-10 07:08:02.683  INFO 276 --- [    Test worker] o.hibernate.jpa.internal.util.LogHelper  : HHH000204: Processing PersistenceUnitInfo [name: default]
2026-03-10 07:08:02.782  INFO 276 --- [    Test worker] com.zaxxer.hikari.HikariDataSource       : HikariPool-2 - Starting...
2026-03-10 07:08:02.783  INFO 276 --- [    Test worker] com.zaxxer.hikari.HikariDataSource       : HikariPool-2 - Start completed.
2026-03-10 07:08:02.783  INFO 276 --- [    Test worker] org.hibernate.dialect.Dialect            : HHH000400: Using dialect: org.hibernate.dialect.H2Dialect
2026-03-10 07:08:02.963  INFO 276 --- [    Test worker] o.h.e.t.j.p.i.JtaPlatformInitiator       : HHH000490: Using JtaPlatform implementation: [org.hibernate.engine.transaction.jta.platform.internal.NoJtaPlatform]
2026-03-10 07:08:02.964  INFO 276 --- [    Test worker] j.LocalContainerEntityManagerFactoryBean : Initialized JPA EntityManagerFactory for persistence unit 'default'
2026-03-10 07:08:05.093  WARN 276 --- [    Test worker] JpaBaseConfiguration$JpaWebConfiguration : spring.jpa.open-in-view is enabled by default. Therefore, database queries may be performed during view rendering. Explicitly configure spring.jpa.open-in-view to disable this warning
2026-03-10 07:08:07.256  INFO 276 --- [    Test worker] c.e.lesson3.Lesson3ApplicationTests      : Started Lesson3ApplicationTests in 7.222 seconds (JVM running for 37.5)
Original password: 123456
Hashed password: $2a$10$XQA9ItFGySNsn883D2oNnelzgI7d8/ZVHXn11fez5DHtl30OMSRX.
Original password: 123456
Hashed password: $2a$10$34KrPVtgKFT28cXqm0HMq.FB5sGiQKz0th4LmJ5cDsraSrOKnEUjG
]]></system-out>
  <system-err><![CDATA[]]></system-err>
</testsuite>
