<?xml version="1.0" encoding="UTF-8"?>
<testsuite name="com.example.lesson3.repository.UserRepositoryTest" tests="1" skipped="0" failures="0" errors="0" timestamp="2026-03-10T07:08:08.447Z" hostname="7d7c05515814" time="0.005">
  <properties/>
  <testcase name="testFindByEmail()" classname="com.example.lesson3.repository.UserRepositoryTest" time="0.005"/>
  <system-out><![CDATA[2026-03-10 07:08:08.410  INFO 276 --- [    Test worker] .b.t.c.SpringBootTestContextBootstrapper : Neither @ContextConfiguration nor @ContextHierarchy found for test class [com.example.lesson3.repository.UserRepositoryTest], using SpringBootContextLoader
2026-03-10 07:08:08.420  INFO 276 --- [    Test worker] o.s.t.c.support.AbstractContextLoader    : Could not detect default resource locations for test class [com.example.lesson3.repository.UserRepositoryTest]: no resource found for suffixes {-context.xml, Context.groovy}.
2026-03-10 07:08:08.421  INFO 276 --- [    Test worker] t.c.s.AnnotationConfigContextLoaderUtils : Could not detect default configuration classes for test class [com.example.lesson3.repository.UserRepositoryTest]: UserRepositoryTest does not declare any static, non-private, non-final, nested classes annotated with @Configuration.
2026-03-10 07:08:08.427  INFO 276 --- [    Test worker] .b.t.c.SpringBootTestContextBootstrapper : Found @SpringBootConfiguration com.example.lesson3.Lesson3Application for test class com.example.lesson3.repository.UserRepositoryTest
2026-03-10 07:08:08.436  INFO 276 --- [    Test worker] .b.t.c.SpringBootTestContextBootstrapper : Loaded default TestExecutionListener class names from location [META-INF/spring.factories]: [org.springframework.security.test.context.support.WithSecurityContextTestExecutionListener, org.springframework.security.test.context.support.ReactorContextTestExecutionListener, org.springframework.boot.test.autoconfigure.restdocs.RestDocsTestExecutionListener, org.springframework.boot.test.autoconfigure.web.client.MockRestServiceServerResetTestExecutionListener, org.springframework.boot.test.autoconfigure.web.servlet.MockMvcPrintOnlyOnFailureTestExecutionListener, org.springframework.boot.test.autoconfigure.web.servlet.WebDriverTestExecutionListener, org.springframework.boot.test.autoconfigure.webservices.client.MockWebServiceServerTestExecutionListener, org.springframework.boot.test.mock.mockito.MockitoTestExecutionListener, org.springframework.boot.test.mock.mockito.ResetMocksTestExecutionListener, org.springframework.test.context.web.ServletTestExecutionListener, org.springframework.test.context.support.DirtiesContextBeforeModesTestExecutionListener, org.springframework.test.context.event.ApplicationEventsTestExecutionListener, org.springframework.test.context.support.DependencyInjectionTestExecutionListener, org.springframework.test.context.support.DirtiesContextTestExecutionListener, org.springframework.test.context.transaction.TransactionalTestExecutionListener, org.springframework.test.context.jdbc.SqlScriptsTestExecutionListener, org.springframework.test.context.event.EventPublishingTestExecutionListener]
2026-03-10 07:08:08.440  INFO 276 --- [    Test worker] .b.t.c.SpringBootTestContextBootstrapper : Using TestExecutionListeners: [org.springframework.test.context.web.ServletTestExecutionListener@67de5328, org.springframework.test.context.support.DirtiesContextBeforeModesTestExecutionListener@4b05a9b1, org.springframework.test.context.event.ApplicationEventsTestExecutionListener@296b758, org.springframework.boot.test.mock.mockito.MockitoTestExecutionListener@7f129873, org.springframework.boot.test.autoconfigure.SpringBootDependencyInjectionTestExecutionListener@6ac0c3aa, org.springframework.test.context.support.DirtiesContextTestExecutionListener@ceeb762, org.springframework.test.context.transaction.TransactionalTestExecutionListener@3b75fdd0, org.springframework.test.context.jdbc.SqlScriptsTestExecutionListener@504f2bcd, org.springframework.security.test.context.support.WithSecurityContextTestExecutionListener@3c7e7ffd, org.springframework.test.context.event.EventPublishingTestExecutionListener@45d28ab7, org.springframework.security.test.context.support.ReactorContextTestExecutionListener@51dd74a0, org.springframework.boot.test.autoconfigure.restdocs.RestDocsTestExecutionListener@78652c15, org.springframework.boot.test.autoconfigure.web.client.MockRestServiceServerResetTestExecutionListener@372b2573, org.springframework.boot.test.autoconfigure.web.servlet.MockMvcPrintOnlyOnFailureTestExecutionListener@66fd9613, org.springframework.boot.test.autoconfigure.web.servlet.WebDriverTestExecutionListener@5c3f9618, org.springframework.boot.test.autoconfigure.webservices.client.MockWebServiceServerTestExecutionListener@deb0c0e, org.springframework.boot.test.mock.mockito.ResetMocksTestExecutionListener@6385b07d]
]]>&#x1f680;<![CDATA[ Hello from test!
]]></system-out>
  <system-err><![CDATA[]]></system-err>
</testsuite>
