<?xml version="1.0" encoding="UTF-8"?>
<testsuite name="com.example.lesson3.service.UserServiceTest" tests="7" skipped="0" failures="0" errors="0" timestamp="2026-03-31T04:54:55.089Z" hostname="NTA-PHUOCNV" time="0.168">
  <properties/>
  <testcase name="testAuthenticateSuccess()" classname="com.example.lesson3.service.UserServiceTest" time="0.018"/>
  <testcase name="testAuthenticateFailure()" classname="com.example.lesson3.service.UserServiceTest" time="0.002"/>
  <testcase name="testGetAllUsers()" classname="com.example.lesson3.service.UserServiceTest" time="0.003"/>
  <testcase name="testUpdateUser()" classname="com.example.lesson3.service.UserServiceTest" time="0.048"/>
  <testcase name="testCreateUser()" classname="com.example.lesson3.service.UserServiceTest" time="0.087"/>
  <testcase name="testDeleteUser()" classname="com.example.lesson3.service.UserServiceTest" time="0.004"/>
  <testcase name="testGetUserById()" classname="com.example.lesson3.service.UserServiceTest" time="0.002"/>
  <system-out><![CDATA[2026-03-31 11:54:55.063  INFO 9404 --- [    Test worker] .b.t.c.SpringBootTestContextBootstrapper : Neither @ContextConfiguration nor @ContextHierarchy found for test class [com.example.lesson3.service.UserServiceTest], using SpringBootContextLoader
2026-03-31 11:54:55.063  INFO 9404 --- [    Test worker] o.s.t.c.support.AbstractContextLoader    : Could not detect default resource locations for test class [com.example.lesson3.service.UserServiceTest]: no resource found for suffixes {-context.xml, Context.groovy}.
2026-03-31 11:54:55.063  INFO 9404 --- [    Test worker] t.c.s.AnnotationConfigContextLoaderUtils : Could not detect default configuration classes for test class [com.example.lesson3.service.UserServiceTest]: UserServiceTest does not declare any static, non-private, non-final, nested classes annotated with @Configuration.
2026-03-31 11:54:55.063  INFO 9404 --- [    Test worker] .b.t.c.SpringBootTestContextBootstrapper : Found @SpringBootConfiguration com.example.lesson3.Lesson3Application for test class com.example.lesson3.service.UserServiceTest
2026-03-31 11:54:55.063  INFO 9404 --- [    Test worker] .b.t.c.SpringBootTestContextBootstrapper : Loaded default TestExecutionListener class names from location [META-INF/spring.factories]: [org.springframework.security.test.context.support.WithSecurityContextTestExecutionListener, org.springframework.security.test.context.support.ReactorContextTestExecutionListener, org.springframework.boot.test.autoconfigure.restdocs.RestDocsTestExecutionListener, org.springframework.boot.test.autoconfigure.web.client.MockRestServiceServerResetTestExecutionListener, org.springframework.boot.test.autoconfigure.web.servlet.MockMvcPrintOnlyOnFailureTestExecutionListener, org.springframework.boot.test.autoconfigure.web.servlet.WebDriverTestExecutionListener, org.springframework.boot.test.autoconfigure.webservices.client.MockWebServiceServerTestExecutionListener, org.springframework.boot.test.mock.mockito.MockitoTestExecutionListener, org.springframework.boot.test.mock.mockito.ResetMocksTestExecutionListener, org.springframework.test.context.web.ServletTestExecutionListener, org.springframework.test.context.support.DirtiesContextBeforeModesTestExecutionListener, org.springframework.test.context.event.ApplicationEventsTestExecutionListener, org.springframework.test.context.support.DependencyInjectionTestExecutionListener, org.springframework.test.context.support.DirtiesContextTestExecutionListener, org.springframework.test.context.transaction.TransactionalTestExecutionListener, org.springframework.test.context.jdbc.SqlScriptsTestExecutionListener, org.springframework.test.context.event.EventPublishingTestExecutionListener]
2026-03-31 11:54:55.063  INFO 9404 --- [    Test worker] .b.t.c.SpringBootTestContextBootstrapper : Using TestExecutionListeners: [org.springframework.test.context.web.ServletTestExecutionListener@4d37a4d7, org.springframework.test.context.support.DirtiesContextBeforeModesTestExecutionListener@3bca3dee, org.springframework.test.context.event.ApplicationEventsTestExecutionListener@32fcccd4, org.springframework.boot.test.mock.mockito.MockitoTestExecutionListener@77fec3b6, org.springframework.boot.test.autoconfigure.SpringBootDependencyInjectionTestExecutionListener@71fd082, org.springframework.test.context.support.DirtiesContextTestExecutionListener@6d50b8c2, org.springframework.test.context.transaction.TransactionalTestExecutionListener@399e43d0, org.springframework.test.context.jdbc.SqlScriptsTestExecutionListener@387cd426, org.springframework.security.test.context.support.WithSecurityContextTestExecutionListener@411e886b, org.springframework.test.context.event.EventPublishingTestExecutionListener@2960ae22, org.springframework.security.test.context.support.ReactorContextTestExecutionListener@622be81d, org.springframework.boot.test.autoconfigure.restdocs.RestDocsTestExecutionListener@3c28cd9a, org.springframework.boot.test.autoconfigure.web.client.MockRestServiceServerResetTestExecutionListener@94047a4, org.springframework.boot.test.autoconfigure.web.servlet.MockMvcPrintOnlyOnFailureTestExecutionListener@257de910, org.springframework.boot.test.autoconfigure.web.servlet.WebDriverTestExecutionListener@18ab86a2, org.springframework.boot.test.autoconfigure.webservices.client.MockWebServiceServerTestExecutionListener@6295cc30, org.springframework.boot.test.mock.mockito.ResetMocksTestExecutionListener@69e3caa1]
2026-03-31 11:54:55.109  WARN 9404 --- [    Test worker] com.example.lesson3.service.UserService  : Đăng nhập thất bại cho email: user@example.com
Original password: newpass
Hashed password: $2a$10$qatsTJUMc/PYnn.pfNPnXOn3ptt7c8cOoUvsJ8rV/uxjjQ29zJOpG
⚡️ testCreateUser is running...
Original password: plainpass
Hashed password: $2a$10$RJoM5ZpndSUw7qaIiNOW3eMrYk71J6nQYhy/ohKSzlh.K9x0UDpR6
Original password: plainpass
Hashed password: $2a$10$22F7wKe936.qVAk1qpnxhekuOJFLZGpruJURDQKnR5Tt0vQQHTRt2
]]></system-out>
  <system-err><![CDATA[]]></system-err>
</testsuite>
