<?xml version="1.0" encoding="UTF-8"?>
<testsuite name="com.example.lesson3.repository.ProductRepositoryTest" tests="1" skipped="0" failures="0" errors="0" timestamp="2026-03-31T04:54:54.132Z" hostname="NTA-PHUOCNV" time="0.018">
  <properties/>
  <testcase name="testQueries()" classname="com.example.lesson3.repository.ProductRepositoryTest" time="0.018"/>
  <system-out><![CDATA[2026-03-31 11:54:54.130  INFO 9404 --- [    Test worker] .b.t.c.SpringBootTestContextBootstrapper : Neither @ContextConfiguration nor @ContextHierarchy found for test class [com.example.lesson3.repository.ProductRepositoryTest], using SpringBootContextLoader
2026-03-31 11:54:54.130  INFO 9404 --- [    Test worker] o.s.t.c.support.AbstractContextLoader    : Could not detect default resource locations for test class [com.example.lesson3.repository.ProductRepositoryTest]: no resource found for suffixes {-context.xml, Context.groovy}.
2026-03-31 11:54:54.130  INFO 9404 --- [    Test worker] t.c.s.AnnotationConfigContextLoaderUtils : Could not detect default configuration classes for test class [com.example.lesson3.repository.ProductRepositoryTest]: ProductRepositoryTest does not declare any static, non-private, non-final, nested classes annotated with @Configuration.
2026-03-31 11:54:54.131  INFO 9404 --- [    Test worker] .b.t.c.SpringBootTestContextBootstrapper : Found @SpringBootConfiguration com.example.lesson3.Lesson3Application for test class com.example.lesson3.repository.ProductRepositoryTest
2026-03-31 11:54:54.131  INFO 9404 --- [    Test worker] .b.t.c.SpringBootTestContextBootstrapper : Loaded default TestExecutionListener class names from location [META-INF/spring.factories]: [org.springframework.security.test.context.support.WithSecurityContextTestExecutionListener, org.springframework.security.test.context.support.ReactorContextTestExecutionListener, org.springframework.boot.test.autoconfigure.restdocs.RestDocsTestExecutionListener, org.springframework.boot.test.autoconfigure.web.client.MockRestServiceServerResetTestExecutionListener, org.springframework.boot.test.autoconfigure.web.servlet.MockMvcPrintOnlyOnFailureTestExecutionListener, org.springframework.boot.test.autoconfigure.web.servlet.WebDriverTestExecutionListener, org.springframework.boot.test.autoconfigure.webservices.client.MockWebServiceServerTestExecutionListener, org.springframework.boot.test.mock.mockito.MockitoTestExecutionListener, org.springframework.boot.test.mock.mockito.ResetMocksTestExecutionListener, org.springframework.test.context.web.ServletTestExecutionListener, org.springframework.test.context.support.DirtiesContextBeforeModesTestExecutionListener, org.springframework.test.context.event.ApplicationEventsTestExecutionListener, org.springframework.test.context.support.DependencyInjectionTestExecutionListener, org.springframework.test.context.support.DirtiesContextTestExecutionListener, org.springframework.test.context.transaction.TransactionalTestExecutionListener, org.springframework.test.context.jdbc.SqlScriptsTestExecutionListener, org.springframework.test.context.event.EventPublishingTestExecutionListener]
2026-03-31 11:54:54.131  INFO 9404 --- [    Test worker] .b.t.c.SpringBootTestContextBootstrapper : Using TestExecutionListeners: [org.springframework.test.context.web.ServletTestExecutionListener@7594d189, org.springframework.test.context.support.DirtiesContextBeforeModesTestExecutionListener@1418a1bd, org.springframework.test.context.event.ApplicationEventsTestExecutionListener@49e54217, org.springframework.boot.test.mock.mockito.MockitoTestExecutionListener@628af295, org.springframework.boot.test.autoconfigure.SpringBootDependencyInjectionTestExecutionListener@31c17fd4, org.springframework.test.context.support.DirtiesContextTestExecutionListener@60052518, org.springframework.test.context.transaction.TransactionalTestExecutionListener@39336f5, org.springframework.test.context.jdbc.SqlScriptsTestExecutionListener@36b86248, org.springframework.security.test.context.support.WithSecurityContextTestExecutionListener@cbd9494, org.springframework.test.context.event.EventPublishingTestExecutionListener@45594dfe, org.springframework.security.test.context.support.ReactorContextTestExecutionListener@5f67ff3e, org.springframework.boot.test.autoconfigure.restdocs.RestDocsTestExecutionListener@2ab87cb8, org.springframework.boot.test.autoconfigure.web.client.MockRestServiceServerResetTestExecutionListener@4ac1544f, org.springframework.boot.test.autoconfigure.web.servlet.MockMvcPrintOnlyOnFailureTestExecutionListener@4578d654, org.springframework.boot.test.autoconfigure.web.servlet.WebDriverTestExecutionListener@25865fca, org.springframework.boot.test.autoconfigure.webservices.client.MockWebServiceServerTestExecutionListener@4c32aa7e, org.springframework.boot.test.mock.mockito.ResetMocksTestExecutionListener@c11ec9b]
]]></system-out>
  <system-err><![CDATA[]]></system-err>
</testsuite>
