<?xml version="1.0" encoding="UTF-8"?>
<testsuite name="com.example.lesson3.repository.StoreRepositoryTest" tests="1" skipped="0" failures="0" errors="0" timestamp="2026-03-31T04:54:54.154Z" hostname="NTA-PHUOCNV" time="0.011">
  <properties/>
  <testcase name="testQueries()" classname="com.example.lesson3.repository.StoreRepositoryTest" time="0.011"/>
  <system-out><![CDATA[2026-03-31 11:54:54.151  INFO 9404 --- [    Test worker] .b.t.c.SpringBootTestContextBootstrapper : Neither @ContextConfiguration nor @ContextHierarchy found for test class [com.example.lesson3.repository.StoreRepositoryTest], using SpringBootContextLoader
2026-03-31 11:54:54.151  INFO 9404 --- [    Test worker] o.s.t.c.support.AbstractContextLoader    : Could not detect default resource locations for test class [com.example.lesson3.repository.StoreRepositoryTest]: no resource found for suffixes {-context.xml, Context.groovy}.
2026-03-31 11:54:54.151  INFO 9404 --- [    Test worker] t.c.s.AnnotationConfigContextLoaderUtils : Could not detect default configuration classes for test class [com.example.lesson3.repository.StoreRepositoryTest]: StoreRepositoryTest does not declare any static, non-private, non-final, nested classes annotated with @Configuration.
2026-03-31 11:54:54.151  INFO 9404 --- [    Test worker] .b.t.c.SpringBootTestContextBootstrapper : Found @SpringBootConfiguration com.example.lesson3.Lesson3Application for test class com.example.lesson3.repository.StoreRepositoryTest
2026-03-31 11:54:54.153  INFO 9404 --- [    Test worker] .b.t.c.SpringBootTestContextBootstrapper : Loaded default TestExecutionListener class names from location [META-INF/spring.factories]: [org.springframework.security.test.context.support.WithSecurityContextTestExecutionListener, org.springframework.security.test.context.support.ReactorContextTestExecutionListener, org.springframework.boot.test.autoconfigure.restdocs.RestDocsTestExecutionListener, org.springframework.boot.test.autoconfigure.web.client.MockRestServiceServerResetTestExecutionListener, org.springframework.boot.test.autoconfigure.web.servlet.MockMvcPrintOnlyOnFailureTestExecutionListener, org.springframework.boot.test.autoconfigure.web.servlet.WebDriverTestExecutionListener, org.springframework.boot.test.autoconfigure.webservices.client.MockWebServiceServerTestExecutionListener, org.springframework.boot.test.mock.mockito.MockitoTestExecutionListener, org.springframework.boot.test.mock.mockito.ResetMocksTestExecutionListener, org.springframework.test.context.web.ServletTestExecutionListener, org.springframework.test.context.support.DirtiesContextBeforeModesTestExecutionListener, org.springframework.test.context.event.ApplicationEventsTestExecutionListener, org.springframework.test.context.support.DependencyInjectionTestExecutionListener, org.springframework.test.context.support.DirtiesContextTestExecutionListener, org.springframework.test.context.transaction.TransactionalTestExecutionListener, org.springframework.test.context.jdbc.SqlScriptsTestExecutionListener, org.springframework.test.context.event.EventPublishingTestExecutionListener]
2026-03-31 11:54:54.153  INFO 9404 --- [    Test worker] .b.t.c.SpringBootTestContextBootstrapper : Using TestExecutionListeners: [org.springframework.test.context.web.ServletTestExecutionListener@2fb9695a, org.springframework.test.context.support.DirtiesContextBeforeModesTestExecutionListener@33da0fad, org.springframework.test.context.event.ApplicationEventsTestExecutionListener@712eb075, org.springframework.boot.test.mock.mockito.MockitoTestExecutionListener@1cd4082a, org.springframework.boot.test.autoconfigure.SpringBootDependencyInjectionTestExecutionListener@78c34153, org.springframework.test.context.support.DirtiesContextTestExecutionListener@1b079e81, org.springframework.test.context.transaction.TransactionalTestExecutionListener@1fae388c, org.springframework.test.context.jdbc.SqlScriptsTestExecutionListener@2387e60b, org.springframework.security.test.context.support.WithSecurityContextTestExecutionListener@41acf2f1, org.springframework.test.context.event.EventPublishingTestExecutionListener@66f88fd3, org.springframework.security.test.context.support.ReactorContextTestExecutionListener@87cb1d8, org.springframework.boot.test.autoconfigure.restdocs.RestDocsTestExecutionListener@14d7a962, org.springframework.boot.test.autoconfigure.web.client.MockRestServiceServerResetTestExecutionListener@324afa73, org.springframework.boot.test.autoconfigure.web.servlet.MockMvcPrintOnlyOnFailureTestExecutionListener@106e6dfe, org.springframework.boot.test.autoconfigure.web.servlet.WebDriverTestExecutionListener@7df1fc5a, org.springframework.boot.test.autoconfigure.webservices.client.MockWebServiceServerTestExecutionListener@5444c63f, org.springframework.boot.test.mock.mockito.ResetMocksTestExecutionListener@31b827a6]
]]></system-out>
  <system-err><![CDATA[]]></system-err>
</testsuite>
