<?xml version="1.0" encoding="UTF-8"?>
<testsuite name="com.example.lesson3.repository.StoreRepositoryTest" tests="1" skipped="0" failures="0" errors="0" timestamp="2026-03-10T07:08:08.399Z" hostname="7d7c05515814" time="0.009">
  <properties/>
  <testcase name="testQueries()" classname="com.example.lesson3.repository.StoreRepositoryTest" time="0.009"/>
  <system-out><![CDATA[2026-03-10 07:08:08.362  INFO 276 --- [    Test worker] .b.t.c.SpringBootTestContextBootstrapper : Neither @ContextConfiguration nor @ContextHierarchy found for test class [com.example.lesson3.repository.StoreRepositoryTest], using SpringBootContextLoader
2026-03-10 07:08:08.369  INFO 276 --- [    Test worker] o.s.t.c.support.AbstractContextLoader    : Could not detect default resource locations for test class [com.example.lesson3.repository.StoreRepositoryTest]: no resource found for suffixes {-context.xml, Context.groovy}.
2026-03-10 07:08:08.369  INFO 276 --- [    Test worker] t.c.s.AnnotationConfigContextLoaderUtils : Could not detect default configuration classes for test class [com.example.lesson3.repository.StoreRepositoryTest]: StoreRepositoryTest does not declare any static, non-private, non-final, nested classes annotated with @Configuration.
2026-03-10 07:08:08.376  INFO 276 --- [    Test worker] .b.t.c.SpringBootTestContextBootstrapper : Found @SpringBootConfiguration com.example.lesson3.Lesson3Application for test class com.example.lesson3.repository.StoreRepositoryTest
2026-03-10 07:08:08.384  INFO 276 --- [    Test worker] .b.t.c.SpringBootTestContextBootstrapper : Loaded default TestExecutionListener class names from location [META-INF/spring.factories]: [org.springframework.security.test.context.support.WithSecurityContextTestExecutionListener, org.springframework.security.test.context.support.ReactorContextTestExecutionListener, org.springframework.boot.test.autoconfigure.restdocs.RestDocsTestExecutionListener, org.springframework.boot.test.autoconfigure.web.client.MockRestServiceServerResetTestExecutionListener, org.springframework.boot.test.autoconfigure.web.servlet.MockMvcPrintOnlyOnFailureTestExecutionListener, org.springframework.boot.test.autoconfigure.web.servlet.WebDriverTestExecutionListener, org.springframework.boot.test.autoconfigure.webservices.client.MockWebServiceServerTestExecutionListener, org.springframework.boot.test.mock.mockito.MockitoTestExecutionListener, org.springframework.boot.test.mock.mockito.ResetMocksTestExecutionListener, org.springframework.test.context.web.ServletTestExecutionListener, org.springframework.test.context.support.DirtiesContextBeforeModesTestExecutionListener, org.springframework.test.context.event.ApplicationEventsTestExecutionListener, org.springframework.test.context.support.DependencyInjectionTestExecutionListener, org.springframework.test.context.support.DirtiesContextTestExecutionListener, org.springframework.test.context.transaction.TransactionalTestExecutionListener, org.springframework.test.context.jdbc.SqlScriptsTestExecutionListener, org.springframework.test.context.event.EventPublishingTestExecutionListener]
2026-03-10 07:08:08.388  INFO 276 --- [    Test worker] .b.t.c.SpringBootTestContextBootstrapper : Using TestExecutionListeners: [org.springframework.test.context.web.ServletTestExecutionListener@51b1732d, org.springframework.test.context.support.DirtiesContextBeforeModesTestExecutionListener@65b639e1, org.springframework.test.context.event.ApplicationEventsTestExecutionListener@3e668743, org.springframework.boot.test.mock.mockito.MockitoTestExecutionListener@35b8b69f, org.springframework.boot.test.autoconfigure.SpringBootDependencyInjectionTestExecutionListener@6fca831e, org.springframework.test.context.support.DirtiesContextTestExecutionListener@3b67c637, org.springframework.test.context.transaction.TransactionalTestExecutionListener@31b11287, org.springframework.test.context.jdbc.SqlScriptsTestExecutionListener@414d5660, org.springframework.security.test.context.support.WithSecurityContextTestExecutionListener@7aa4ef24, org.springframework.test.context.event.EventPublishingTestExecutionListener@7f77d839, org.springframework.security.test.context.support.ReactorContextTestExecutionListener@46ebd87a, org.springframework.boot.test.autoconfigure.restdocs.RestDocsTestExecutionListener@6dbe6891, org.springframework.boot.test.autoconfigure.web.client.MockRestServiceServerResetTestExecutionListener@30be77cd, org.springframework.boot.test.autoconfigure.web.servlet.MockMvcPrintOnlyOnFailureTestExecutionListener@71c9c7f3, org.springframework.boot.test.autoconfigure.web.servlet.WebDriverTestExecutionListener@6979e9b8, org.springframework.boot.test.autoconfigure.webservices.client.MockWebServiceServerTestExecutionListener@771deee6, org.springframework.boot.test.mock.mockito.ResetMocksTestExecutionListener@345effd7]
]]></system-out>
  <system-err><![CDATA[]]></system-err>
</testsuite>
