<?xml version="1.0" encoding="UTF-8"?>
<testsuite name="com.example.lesson3.repository.OrderItemRepositoryTest" tests="1" skipped="0" failures="0" errors="0" timestamp="2026-03-10T07:08:07.874Z" hostname="7d7c05515814" time="0.325">
  <properties/>
  <testcase name="testFindByOrderId()" classname="com.example.lesson3.repository.OrderItemRepositoryTest" time="0.325"/>
  <system-out><![CDATA[2026-03-10 07:08:07.739  INFO 276 --- [    Test worker] .b.t.c.SpringBootTestContextBootstrapper : Neither @ContextConfiguration nor @ContextHierarchy found for test class [com.example.lesson3.repository.OrderItemRepositoryTest], using SpringBootContextLoader
2026-03-10 07:08:07.749  INFO 276 --- [    Test worker] o.s.t.c.support.AbstractContextLoader    : Could not detect default resource locations for test class [com.example.lesson3.repository.OrderItemRepositoryTest]: no resource found for suffixes {-context.xml, Context.groovy}.
2026-03-10 07:08:07.750  INFO 276 --- [    Test worker] t.c.s.AnnotationConfigContextLoaderUtils : Could not detect default configuration classes for test class [com.example.lesson3.repository.OrderItemRepositoryTest]: OrderItemRepositoryTest does not declare any static, non-private, non-final, nested classes annotated with @Configuration.
2026-03-10 07:08:07.853  INFO 276 --- [    Test worker] .b.t.c.SpringBootTestContextBootstrapper : Found @SpringBootConfiguration com.example.lesson3.Lesson3Application for test class com.example.lesson3.repository.OrderItemRepositoryTest
2026-03-10 07:08:07.863  INFO 276 --- [    Test worker] .b.t.c.SpringBootTestContextBootstrapper : Loaded default TestExecutionListener class names from location [META-INF/spring.factories]: [org.springframework.security.test.context.support.WithSecurityContextTestExecutionListener, org.springframework.security.test.context.support.ReactorContextTestExecutionListener, org.springframework.boot.test.autoconfigure.restdocs.RestDocsTestExecutionListener, org.springframework.boot.test.autoconfigure.web.client.MockRestServiceServerResetTestExecutionListener, org.springframework.boot.test.autoconfigure.web.servlet.MockMvcPrintOnlyOnFailureTestExecutionListener, org.springframework.boot.test.autoconfigure.web.servlet.WebDriverTestExecutionListener, org.springframework.boot.test.autoconfigure.webservices.client.MockWebServiceServerTestExecutionListener, org.springframework.boot.test.mock.mockito.MockitoTestExecutionListener, org.springframework.boot.test.mock.mockito.ResetMocksTestExecutionListener, org.springframework.test.context.web.ServletTestExecutionListener, org.springframework.test.context.support.DirtiesContextBeforeModesTestExecutionListener, org.springframework.test.context.event.ApplicationEventsTestExecutionListener, org.springframework.test.context.support.DependencyInjectionTestExecutionListener, org.springframework.test.context.support.DirtiesContextTestExecutionListener, org.springframework.test.context.transaction.TransactionalTestExecutionListener, org.springframework.test.context.jdbc.SqlScriptsTestExecutionListener, org.springframework.test.context.event.EventPublishingTestExecutionListener]
2026-03-10 07:08:07.867  INFO 276 --- [    Test worker] .b.t.c.SpringBootTestContextBootstrapper : Using TestExecutionListeners: [org.springframework.test.context.web.ServletTestExecutionListener@3b25ce5e, org.springframework.test.context.support.DirtiesContextBeforeModesTestExecutionListener@7b99e726, org.springframework.test.context.event.ApplicationEventsTestExecutionListener@1b841396, org.springframework.boot.test.mock.mockito.MockitoTestExecutionListener@583b177a, org.springframework.boot.test.autoconfigure.SpringBootDependencyInjectionTestExecutionListener@4d79651d, org.springframework.test.context.support.DirtiesContextTestExecutionListener@796d0b43, org.springframework.test.context.transaction.TransactionalTestExecutionListener@424ebf5b, org.springframework.test.context.jdbc.SqlScriptsTestExecutionListener@42cef0af, org.springframework.security.test.context.support.WithSecurityContextTestExecutionListener@44992466, org.springframework.test.context.event.EventPublishingTestExecutionListener@55bf08a5, org.springframework.security.test.context.support.ReactorContextTestExecutionListener@623cd12e, org.springframework.boot.test.autoconfigure.restdocs.RestDocsTestExecutionListener@57421e4e, org.springframework.boot.test.autoconfigure.web.client.MockRestServiceServerResetTestExecutionListener@5a75bad4, org.springframework.boot.test.autoconfigure.web.servlet.MockMvcPrintOnlyOnFailureTestExecutionListener@77227b1f, org.springframework.boot.test.autoconfigure.web.servlet.WebDriverTestExecutionListener@73136174, org.springframework.boot.test.autoconfigure.webservices.client.MockWebServiceServerTestExecutionListener@34e4a136, org.springframework.boot.test.mock.mockito.ResetMocksTestExecutionListener@43300e64]
]]></system-out>
  <system-err><![CDATA[]]></system-err>
</testsuite>
