<?xml version="1.0" encoding="UTF-8"?>
<testsuite name="com.example.lesson3.repository.OrderRepositoryTest" tests="1" skipped="0" failures="0" errors="0" timestamp="2026-03-31T04:54:54.108Z" hostname="NTA-PHUOCNV" time="0.021">
  <properties/>
  <testcase name="testStatusAndUserQueries()" classname="com.example.lesson3.repository.OrderRepositoryTest" time="0.021"/>
  <system-out><![CDATA[2026-03-31 11:54:54.105  INFO 9404 --- [    Test worker] .b.t.c.SpringBootTestContextBootstrapper : Neither @ContextConfiguration nor @ContextHierarchy found for test class [com.example.lesson3.repository.OrderRepositoryTest], using SpringBootContextLoader
2026-03-31 11:54:54.105  INFO 9404 --- [    Test worker] o.s.t.c.support.AbstractContextLoader    : Could not detect default resource locations for test class [com.example.lesson3.repository.OrderRepositoryTest]: no resource found for suffixes {-context.xml, Context.groovy}.
2026-03-31 11:54:54.105  INFO 9404 --- [    Test worker] t.c.s.AnnotationConfigContextLoaderUtils : Could not detect default configuration classes for test class [com.example.lesson3.repository.OrderRepositoryTest]: OrderRepositoryTest does not declare any static, non-private, non-final, nested classes annotated with @Configuration.
2026-03-31 11:54:54.106  INFO 9404 --- [    Test worker] .b.t.c.SpringBootTestContextBootstrapper : Found @SpringBootConfiguration com.example.lesson3.Lesson3Application for test class com.example.lesson3.repository.OrderRepositoryTest
2026-03-31 11:54:54.106  INFO 9404 --- [    Test worker] .b.t.c.SpringBootTestContextBootstrapper : Loaded default TestExecutionListener class names from location [META-INF/spring.factories]: [org.springframework.security.test.context.support.WithSecurityContextTestExecutionListener, org.springframework.security.test.context.support.ReactorContextTestExecutionListener, org.springframework.boot.test.autoconfigure.restdocs.RestDocsTestExecutionListener, org.springframework.boot.test.autoconfigure.web.client.MockRestServiceServerResetTestExecutionListener, org.springframework.boot.test.autoconfigure.web.servlet.MockMvcPrintOnlyOnFailureTestExecutionListener, org.springframework.boot.test.autoconfigure.web.servlet.WebDriverTestExecutionListener, org.springframework.boot.test.autoconfigure.webservices.client.MockWebServiceServerTestExecutionListener, org.springframework.boot.test.mock.mockito.MockitoTestExecutionListener, org.springframework.boot.test.mock.mockito.ResetMocksTestExecutionListener, org.springframework.test.context.web.ServletTestExecutionListener, org.springframework.test.context.support.DirtiesContextBeforeModesTestExecutionListener, org.springframework.test.context.event.ApplicationEventsTestExecutionListener, org.springframework.test.context.support.DependencyInjectionTestExecutionListener, org.springframework.test.context.support.DirtiesContextTestExecutionListener, org.springframework.test.context.transaction.TransactionalTestExecutionListener, org.springframework.test.context.jdbc.SqlScriptsTestExecutionListener, org.springframework.test.context.event.EventPublishingTestExecutionListener]
2026-03-31 11:54:54.107  INFO 9404 --- [    Test worker] .b.t.c.SpringBootTestContextBootstrapper : Using TestExecutionListeners: [org.springframework.test.context.web.ServletTestExecutionListener@22781286, org.springframework.test.context.support.DirtiesContextBeforeModesTestExecutionListener@11564455, org.springframework.test.context.event.ApplicationEventsTestExecutionListener@173c0722, org.springframework.boot.test.mock.mockito.MockitoTestExecutionListener@12e3cf1c, org.springframework.boot.test.autoconfigure.SpringBootDependencyInjectionTestExecutionListener@70ed03e4, org.springframework.test.context.support.DirtiesContextTestExecutionListener@533a8540, org.springframework.test.context.transaction.TransactionalTestExecutionListener@24489d12, org.springframework.test.context.jdbc.SqlScriptsTestExecutionListener@28df2da8, org.springframework.security.test.context.support.WithSecurityContextTestExecutionListener@30b5f974, org.springframework.test.context.event.EventPublishingTestExecutionListener@37227aa7, org.springframework.security.test.context.support.ReactorContextTestExecutionListener@57e2d15c, org.springframework.boot.test.autoconfigure.restdocs.RestDocsTestExecutionListener@6810465, org.springframework.boot.test.autoconfigure.web.client.MockRestServiceServerResetTestExecutionListener@19e03398, org.springframework.boot.test.autoconfigure.web.servlet.MockMvcPrintOnlyOnFailureTestExecutionListener@3d339541, org.springframework.boot.test.autoconfigure.web.servlet.WebDriverTestExecutionListener@7c1adb8a, org.springframework.boot.test.autoconfigure.webservices.client.MockWebServiceServerTestExecutionListener@72364a40, org.springframework.boot.test.mock.mockito.ResetMocksTestExecutionListener@6ad2cb6d]
]]></system-out>
  <system-err><![CDATA[]]></system-err>
</testsuite>
