<?xml version="1.0" encoding="UTF-8"?>
<testsuite name="com.example.lesson3.Lesson3ApplicationTests" tests="1" skipped="0" failures="0" errors="0" timestamp="2026-03-31T04:54:53.979Z" hostname="NTA-PHUOCNV" time="0.039">
  <properties/>
  <testcase name="contextLoads()" classname="com.example.lesson3.Lesson3ApplicationTests" time="0.039"/>
  <system-out><![CDATA[11:54:50.922 [Test worker] DEBUG org.springframework.test.context.BootstrapUtils - Instantiating CacheAwareContextLoaderDelegate from class [org.springframework.test.context.cache.DefaultCacheAwareContextLoaderDelegate]
11:54:50.929 [Test worker] DEBUG org.springframework.test.context.BootstrapUtils - Instantiating BootstrapContext using constructor [public org.springframework.test.context.support.DefaultBootstrapContext(java.lang.Class,org.springframework.test.context.CacheAwareContextLoaderDelegate)]
11:54:50.946 [Test worker] DEBUG org.springframework.test.context.BootstrapUtils - Instantiating TestContextBootstrapper for test class [com.example.lesson3.Lesson3ApplicationTests] from class [org.springframework.boot.test.context.SpringBootTestContextBootstrapper]
11:54:50.951 [Test worker] INFO org.springframework.boot.test.context.SpringBootTestContextBootstrapper - Neither @ContextConfiguration nor @ContextHierarchy found for test class [com.example.lesson3.Lesson3ApplicationTests], using SpringBootContextLoader
11:54:50.952 [Test worker] DEBUG org.springframework.test.context.support.AbstractContextLoader - Did not detect default resource location for test class [com.example.lesson3.Lesson3ApplicationTests]: class path resource [com/example/lesson3/Lesson3ApplicationTests-context.xml] does not exist
11:54:50.952 [Test worker] DEBUG org.springframework.test.context.support.AbstractContextLoader - Did not detect default resource location for test class [com.example.lesson3.Lesson3ApplicationTests]: class path resource [com/example/lesson3/Lesson3ApplicationTestsContext.groovy] does not exist
11:54:50.952 [Test worker] INFO org.springframework.test.context.support.AbstractContextLoader - Could not detect default resource locations for test class [com.example.lesson3.Lesson3ApplicationTests]: no resource found for suffixes {-context.xml, Context.groovy}.
11:54:50.952 [Test worker] INFO org.springframework.test.context.support.AnnotationConfigContextLoaderUtils - Could not detect default configuration classes for test class [com.example.lesson3.Lesson3ApplicationTests]: Lesson3ApplicationTests does not declare any static, non-private, non-final, nested classes annotated with @Configuration.
11:54:50.971 [Test worker] DEBUG org.springframework.test.context.support.ActiveProfilesUtils - Could not find an 'annotation declaring class' for annotation type [org.springframework.test.context.ActiveProfiles] and class [com.example.lesson3.Lesson3ApplicationTests]
11:54:50.993 [Test worker] DEBUG org.springframework.context.annotation.ClassPathScanningCandidateComponentProvider - Identified candidate component class: file [C:\Users\DevNta_stt\AppData\Local\Temp\orderfood_test\main\com\example\lesson3\Lesson3Application.class]
11:54:50.998 [Test worker] INFO org.springframework.boot.test.context.SpringBootTestContextBootstrapper - Found @SpringBootConfiguration com.example.lesson3.Lesson3Application for test class com.example.lesson3.Lesson3ApplicationTests
11:54:51.045 [Test worker] DEBUG org.springframework.boot.test.context.SpringBootTestContextBootstrapper - @TestExecutionListeners is not present for class [com.example.lesson3.Lesson3ApplicationTests]: using defaults.
11:54:51.045 [Test worker] INFO org.springframework.boot.test.context.SpringBootTestContextBootstrapper - Loaded default TestExecutionListener class names from location [META-INF/spring.factories]: [org.springframework.security.test.context.support.WithSecurityContextTestExecutionListener, org.springframework.security.test.context.support.ReactorContextTestExecutionListener, org.springframework.boot.test.autoconfigure.restdocs.RestDocsTestExecutionListener, org.springframework.boot.test.autoconfigure.web.client.MockRestServiceServerResetTestExecutionListener, org.springframework.boot.test.autoconfigure.web.servlet.MockMvcPrintOnlyOnFailureTestExecutionListener, org.springframework.boot.test.autoconfigure.web.servlet.WebDriverTestExecutionListener, org.springframework.boot.test.autoconfigure.webservices.client.MockWebServiceServerTestExecutionListener, org.springframework.boot.test.mock.mockito.MockitoTestExecutionListener, org.springframework.boot.test.mock.mockito.ResetMocksTestExecutionListener, org.springframework.test.context.web.ServletTestExecutionListener, org.springframework.test.context.support.DirtiesContextBeforeModesTestExecutionListener, org.springframework.test.context.event.ApplicationEventsTestExecutionListener, org.springframework.test.context.support.DependencyInjectionTestExecutionListener, org.springframework.test.context.support.DirtiesContextTestExecutionListener, org.springframework.test.context.transaction.TransactionalTestExecutionListener, org.springframework.test.context.jdbc.SqlScriptsTestExecutionListener, org.springframework.test.context.event.EventPublishingTestExecutionListener]
11:54:51.054 [Test worker] INFO org.springframework.boot.test.context.SpringBootTestContextBootstrapper - Using TestExecutionListeners: [org.springframework.test.context.web.ServletTestExecutionListener@791cbf87, org.springframework.test.context.support.DirtiesContextBeforeModesTestExecutionListener@a7e2d9d, org.springframework.test.context.event.ApplicationEventsTestExecutionListener@754777cd, org.springframework.boot.test.mock.mockito.MockitoTestExecutionListener@2b52c0d6, org.springframework.boot.test.autoconfigure.SpringBootDependencyInjectionTestExecutionListener@372ea2bc, org.springframework.test.context.support.DirtiesContextTestExecutionListener@4cc76301, org.springframework.test.context.transaction.TransactionalTestExecutionListener@2f08c4b, org.springframework.test.context.jdbc.SqlScriptsTestExecutionListener@3f19b8b3, org.springframework.security.test.context.support.WithSecurityContextTestExecutionListener@7de0c6ae, org.springframework.test.context.event.EventPublishingTestExecutionListener@a486d78, org.springframework.security.test.context.support.ReactorContextTestExecutionListener@cdc3aae, org.springframework.boot.test.autoconfigure.restdocs.RestDocsTestExecutionListener@7ef2d7a6, org.springframework.boot.test.autoconfigure.web.client.MockRestServiceServerResetTestExecutionListener@5dcbb60, org.springframework.boot.test.autoconfigure.web.servlet.MockMvcPrintOnlyOnFailureTestExecutionListener@4c36250e, org.springframework.boot.test.autoconfigure.web.servlet.WebDriverTestExecutionListener@21526f6c, org.springframework.boot.test.autoconfigure.webservices.client.MockWebServiceServerTestExecutionListener@49f5c307, org.springframework.boot.test.mock.mockito.ResetMocksTestExecutionListener@299266e2]
11:54:51.056 [Test worker] DEBUG org.springframework.test.context.support.AbstractDirtiesContextTestExecutionListener - Before test class: context [DefaultTestContext@2c715e84 testClass = Lesson3ApplicationTests, testInstance = [null], testMethod = [null], testException = [null], mergedContextConfiguration = [WebMergedContextConfiguration@47428937 testClass = Lesson3ApplicationTests, locations = '{}', classes = '{class com.example.lesson3.Lesson3Application}', contextInitializerClasses = '[]', activeProfiles = '{}', propertySourceLocations = '{}', propertySourceProperties = '{org.springframework.boot.test.context.SpringBootTestContextBootstrapper=true}', contextCustomizers = set[org.springframework.boot.test.autoconfigure.actuate.metrics.MetricsExportContextCustomizerFactory$DisableMetricExportContextCustomizer@30b19518, org.springframework.boot.test.autoconfigure.properties.PropertyMappingContextCustomizer@0, org.springframework.boot.test.autoconfigure.web.servlet.WebDriverContextCustomizerFactory$Customizer@1817f1eb, org.springframework.boot.test.context.filter.ExcludeFilterContextCustomizer@10ded6a9, org.springframework.boot.test.json.DuplicateJsonObjectContextCustomizerFactory$DuplicateJsonObjectContextCustomizer@56113384, org.springframework.boot.test.mock.mockito.MockitoContextCustomizer@0, org.springframework.boot.test.web.client.TestRestTemplateContextCustomizer@59f63e24, org.springframework.boot.test.context.SpringBootTestArgs@1, org.springframework.boot.test.context.SpringBootTestWebEnvironment@7b36aa0c], resourceBasePath = 'src/main/webapp', contextLoader = 'org.springframework.boot.test.context.SpringBootContextLoader', parent = [null]], attributes = map['org.springframework.test.context.web.ServletTestExecutionListener.activateListener' -> true]], class annotated with @DirtiesContext [false] with mode [null].

  .   ____          _            __ _ _
 /\\ / ___'_ __ _ _(_)_ __  __ _ \ \ \ \
( ( )\___ | '_ | '_| | '_ \/ _` | \ \ \ \
 \\/  ___)| |_)| | | | | || (_| |  ) ) ) )
  '  |____| .__|_| |_|_| |_\__, | / / / /
 =========|_|==============|___/=/_/_/_/
 :: Spring Boot ::               (v2.7.18)

2026-03-31 11:54:51.269  INFO 9404 --- [    Test worker] c.e.lesson3.Lesson3ApplicationTests      : Starting Lesson3ApplicationTests using Java 21.0.10 on nta-phuocnv with PID 9404 (started by DevNta_stt in D:\Project Tôi\OrderFood)
2026-03-31 11:54:51.269  INFO 9404 --- [    Test worker] c.e.lesson3.Lesson3ApplicationTests      : No active profile set, falling back to 1 default profile: "default"
2026-03-31 11:54:51.685  INFO 9404 --- [    Test worker] .s.d.r.c.RepositoryConfigurationDelegate : Bootstrapping Spring Data JPA repositories in DEFAULT mode.
2026-03-31 11:54:51.733  INFO 9404 --- [    Test worker] .s.d.r.c.RepositoryConfigurationDelegate : Finished Spring Data repository scanning in 42 ms. Found 5 JPA repository interfaces.
2026-03-31 11:54:52.022  INFO 9404 --- [    Test worker] com.zaxxer.hikari.HikariDataSource       : HikariPool-1 - Starting...
2026-03-31 11:54:52.140  INFO 9404 --- [    Test worker] com.zaxxer.hikari.HikariDataSource       : HikariPool-1 - Start completed.
2026-03-31 11:54:52.177  INFO 9404 --- [    Test worker] o.hibernate.jpa.internal.util.LogHelper  : HHH000204: Processing PersistenceUnitInfo [name: default]
2026-03-31 11:54:52.209  INFO 9404 --- [    Test worker] org.hibernate.Version                    : HHH000412: Hibernate ORM core version 5.6.15.Final
2026-03-31 11:54:52.296  INFO 9404 --- [    Test worker] o.hibernate.annotations.common.Version   : HCANN000001: Hibernate Commons Annotations {5.1.2.Final}
2026-03-31 11:54:52.357  INFO 9404 --- [    Test worker] org.hibernate.dialect.Dialect            : HHH000400: Using dialect: org.hibernate.dialect.H2Dialect
2026-03-31 11:54:52.749  INFO 9404 --- [    Test worker] o.h.e.t.j.p.i.JtaPlatformInitiator       : HHH000490: Using JtaPlatform implementation: [org.hibernate.engine.transaction.jta.platform.internal.NoJtaPlatform]
2026-03-31 11:54:52.753  INFO 9404 --- [    Test worker] j.LocalContainerEntityManagerFactoryBean : Initialized JPA EntityManagerFactory for persistence unit 'default'
2026-03-31 11:54:53.344  INFO 9404 --- [    Test worker] o.s.s.web.DefaultSecurityFilterChain     : Will secure Ant [pattern='/admin/**'] with [org.springframework.security.web.session.DisableEncodeUrlFilter@727de450, org.springframework.security.web.context.request.async.WebAsyncManagerIntegrationFilter@6de4071b, org.springframework.security.web.context.SecurityContextPersistenceFilter@5f233f9, org.springframework.security.web.header.HeaderWriterFilter@5dd12c19, org.springframework.security.web.authentication.logout.LogoutFilter@52bcfd10, org.springframework.security.web.authentication.UsernamePasswordAuthenticationFilter@d7c00de, org.springframework.security.web.savedrequest.RequestCacheAwareFilter@a36ff0b, org.springframework.security.web.servletapi.SecurityContextHolderAwareRequestFilter@1ecf784f, org.springframework.security.web.authentication.AnonymousAuthenticationFilter@7077ae9c, org.springframework.security.web.session.SessionManagementFilter@20a3321a, org.springframework.security.web.access.ExceptionTranslationFilter@79d3c655, org.springframework.security.web.access.intercept.FilterSecurityInterceptor@6c68f29c]
2026-03-31 11:54:53.349  INFO 9404 --- [    Test worker] o.s.s.web.DefaultSecurityFilterChain     : Will secure any request with [org.springframework.security.web.session.DisableEncodeUrlFilter@78e59b04, org.springframework.security.web.context.request.async.WebAsyncManagerIntegrationFilter@2e6f1f48, org.springframework.security.web.context.SecurityContextPersistenceFilter@4a0f4282, org.springframework.security.web.header.HeaderWriterFilter@5c30decf, org.springframework.security.web.authentication.logout.LogoutFilter@356ab368, org.springframework.security.web.authentication.UsernamePasswordAuthenticationFilter@748fa354, org.springframework.security.web.savedrequest.RequestCacheAwareFilter@19d3f4fb, org.springframework.security.web.servletapi.SecurityContextHolderAwareRequestFilter@43cf97a8, org.springframework.security.web.authentication.AnonymousAuthenticationFilter@5ed88e31, org.springframework.security.web.session.SessionManagementFilter@7827cdfc, org.springframework.security.web.access.ExceptionTranslationFilter@80b6098, org.springframework.security.web.access.intercept.FilterSecurityInterceptor@33986be7]
2026-03-31 11:54:53.486  WARN 9404 --- [    Test worker] JpaBaseConfiguration$JpaWebConfiguration : spring.jpa.open-in-view is enabled by default. Therefore, database queries may be performed during view rendering. Explicitly configure spring.jpa.open-in-view to disable this warning
2026-03-31 11:54:53.829  INFO 9404 --- [    Test worker] c.e.lesson3.Lesson3ApplicationTests      : Started Lesson3ApplicationTests in 2.755 seconds (JVM running for 3.432)
Original password: 123456
Hashed password: $2a$10$.sgq9F/sIkSqfgsiHTTZZ.Vkeq3TfpMF1K0pyowFsPF8n.9K.2Se.
Original password: 123456
Hashed password: $2a$10$b9dzcXk/jRIfMBYpvQx88.7R6WCoEy42ACzRF7GF0PYqTJ5cv5go6
]]></system-out>
  <system-err><![CDATA[]]></system-err>
</testsuite>
