<?xml version="1.0" encoding="UTF-8"?>
<testsuite name="com.example.lesson3.repository.UserRepositoryTest" tests="1" skipped="0" failures="0" errors="0" timestamp="2026-03-31T04:54:54.169Z" hostname="NTA-PHUOCNV" time="0.006">
  <properties/>
  <testcase name="testFindByEmail()" classname="com.example.lesson3.repository.UserRepositoryTest" time="0.006"/>
  <system-out><![CDATA[2026-03-31 11:54:54.166  INFO 9404 --- [    Test worker] .b.t.c.SpringBootTestContextBootstrapper : Neither @ContextConfiguration nor @ContextHierarchy found for test class [com.example.lesson3.repository.UserRepositoryTest], using SpringBootContextLoader
2026-03-31 11:54:54.166  INFO 9404 --- [    Test worker] o.s.t.c.support.AbstractContextLoader    : Could not detect default resource locations for test class [com.example.lesson3.repository.UserRepositoryTest]: no resource found for suffixes {-context.xml, Context.groovy}.
2026-03-31 11:54:54.166  INFO 9404 --- [    Test worker] t.c.s.AnnotationConfigContextLoaderUtils : Could not detect default configuration classes for test class [com.example.lesson3.repository.UserRepositoryTest]: UserRepositoryTest does not declare any static, non-private, non-final, nested classes annotated with @Configuration.
2026-03-31 11:54:54.167  INFO 9404 --- [    Test worker] .b.t.c.SpringBootTestContextBootstrapper : Found @SpringBootConfiguration com.example.lesson3.Lesson3Application for test class com.example.lesson3.repository.UserRepositoryTest
2026-03-31 11:54:54.167  INFO 9404 --- [    Test worker] .b.t.c.SpringBootTestContextBootstrapper : Loaded default TestExecutionListener class names from location [META-INF/spring.factories]: [org.springframework.security.test.context.support.WithSecurityContextTestExecutionListener, org.springframework.security.test.context.support.ReactorContextTestExecutionListener, org.springframework.boot.test.autoconfigure.restdocs.RestDocsTestExecutionListener, org.springframework.boot.test.autoconfigure.web.client.MockRestServiceServerResetTestExecutionListener, org.springframework.boot.test.autoconfigure.web.servlet.MockMvcPrintOnlyOnFailureTestExecutionListener, org.springframework.boot.test.autoconfigure.web.servlet.WebDriverTestExecutionListener, org.springframework.boot.test.autoconfigure.webservices.client.MockWebServiceServerTestExecutionListener, org.springframework.boot.test.mock.mockito.MockitoTestExecutionListener, org.springframework.boot.test.mock.mockito.ResetMocksTestExecutionListener, org.springframework.test.context.web.ServletTestExecutionListener, org.springframework.test.context.support.DirtiesContextBeforeModesTestExecutionListener, org.springframework.test.context.event.ApplicationEventsTestExecutionListener, org.springframework.test.context.support.DependencyInjectionTestExecutionListener, org.springframework.test.context.support.DirtiesContextTestExecutionListener, org.springframework.test.context.transaction.TransactionalTestExecutionListener, org.springframework.test.context.jdbc.SqlScriptsTestExecutionListener, org.springframework.test.context.event.EventPublishingTestExecutionListener]
2026-03-31 11:54:54.168  INFO 9404 --- [    Test worker] .b.t.c.SpringBootTestContextBootstrapper : Using TestExecutionListeners: [org.springframework.test.context.web.ServletTestExecutionListener@4b4b02d, org.springframework.test.context.support.DirtiesContextBeforeModesTestExecutionListener@1dd01876, org.springframework.test.context.event.ApplicationEventsTestExecutionListener@12d24c43, org.springframework.boot.test.mock.mockito.MockitoTestExecutionListener@6bf27411, org.springframework.boot.test.autoconfigure.SpringBootDependencyInjectionTestExecutionListener@4a66949a, org.springframework.test.context.support.DirtiesContextTestExecutionListener@57e83608, org.springframework.test.context.transaction.TransactionalTestExecutionListener@57d8d8e2, org.springframework.test.context.jdbc.SqlScriptsTestExecutionListener@2f726cf4, org.springframework.security.test.context.support.WithSecurityContextTestExecutionListener@514eefc4, org.springframework.test.context.event.EventPublishingTestExecutionListener@4700db93, org.springframework.security.test.context.support.ReactorContextTestExecutionListener@560e1459, org.springframework.boot.test.autoconfigure.restdocs.RestDocsTestExecutionListener@6aa7d7a0, org.springframework.boot.test.autoconfigure.web.client.MockRestServiceServerResetTestExecutionListener@4c3125ff, org.springframework.boot.test.autoconfigure.web.servlet.MockMvcPrintOnlyOnFailureTestExecutionListener@d2ca3a9, org.springframework.boot.test.autoconfigure.web.servlet.WebDriverTestExecutionListener@2b26d289, org.springframework.boot.test.autoconfigure.webservices.client.MockWebServiceServerTestExecutionListener@7f680a9a, org.springframework.boot.test.mock.mockito.ResetMocksTestExecutionListener@3a33d655]
]]>&#x1f680;<![CDATA[ Hello from test!
]]></system-out>
  <system-err><![CDATA[]]></system-err>
</testsuite>
