<?xml version="1.0" encoding="UTF-8"?>
<testsuite name="com.example.lesson3.service.ProductServiceTest" tests="11" skipped="0" failures="0" errors="0" timestamp="2026-03-31T04:54:55.036Z" hostname="NTA-PHUOCNV" time="0.015">
  <properties/>
  <testcase name="testFindAllWithFilter_WithStatusOnly()" classname="com.example.lesson3.service.ProductServiceTest" time="0.004"/>
  <testcase name="testFindAllWithFilter_WithKeywordAndStatus()" classname="com.example.lesson3.service.ProductServiceTest" time="0.001"/>
  <testcase name="testDeleteById_NoProductDoesNothing()" classname="com.example.lesson3.service.ProductServiceTest" time="0.001"/>
  <testcase name="testFindAllWithFilter_AllNull()" classname="com.example.lesson3.service.ProductServiceTest" time="0.001"/>
  <testcase name="testFindById()" classname="com.example.lesson3.service.ProductServiceTest" time="0.001"/>
  <testcase name="testDeleteById_WithImageDeletesFileAndRepository()" classname="com.example.lesson3.service.ProductServiceTest" time="0.002"/>
  <testcase name="testFindAllWithFilter_WithKeywordOnly()" classname="com.example.lesson3.service.ProductServiceTest" time="0.0"/>
  <testcase name="testFindByIds()" classname="com.example.lesson3.service.ProductServiceTest" time="0.0"/>
  <testcase name="testFindByStoreId()" classname="com.example.lesson3.service.ProductServiceTest" time="0.001"/>
  <testcase name="testDeleteMultipleProducts_DeletesRepositoryAfterLoop()" classname="com.example.lesson3.service.ProductServiceTest" time="0.001"/>
  <testcase name="testSave_PreservesCreatedAtWhenUpdating()" classname="com.example.lesson3.service.ProductServiceTest" time="0.001"/>
  <system-out><![CDATA[2026-03-31 11:54:55.048  INFO 9404 --- [    Test worker] c.e.lesson3.service.ProductService       : Đã xóa 2 sản phẩm
]]></system-out>
  <system-err><![CDATA[]]></system-err>
</testsuite>
