<?xml version="1.0" encoding="UTF-8"?>
<testsuite name="com.example.lesson3.service.CustomUserDetailsServiceTest" tests="2" skipped="0" failures="0" errors="0" timestamp="2026-03-31T04:54:54.963Z" hostname="NTA-PHUOCNV" time="0.007">
  <properties/>
  <testcase name="testLoadUserByUsername_Success()" classname="com.example.lesson3.service.CustomUserDetailsServiceTest" time="0.004"/>
  <testcase name="testLoadUserByUsername_UserNotFound()" classname="com.example.lesson3.service.CustomUserDetailsServiceTest" time="0.003"/>
  <system-out><![CDATA[2026-03-31 11:54:54.275  INFO 9404 --- [    Test worker] .b.t.c.SpringBootTestContextBootstrapper : Neither @ContextConfiguration nor @ContextHierarchy found for test class [com.example.lesson3.service.CustomUserDetailsServiceTest], using SpringBootContextLoader
2026-03-31 11:54:54.276  INFO 9404 --- [    Test worker] o.s.t.c.support.AbstractContextLoader    : Could not detect default resource locations for test class [com.example.lesson3.service.CustomUserDetailsServiceTest]: no resource found for suffixes {-context.xml, Context.groovy}.
2026-03-31 11:54:54.276  INFO 9404 --- [    Test worker] t.c.s.AnnotationConfigContextLoaderUtils : Could not detect default configuration classes for test class [com.example.lesson3.service.CustomUserDetailsServiceTest]: CustomUserDetailsServiceTest does not declare any static, non-private, non-final, nested classes annotated with @Configuration.
2026-03-31 11:54:54.283  INFO 9404 --- [    Test worker] .b.t.c.SpringBootTestContextBootstrapper : Found @SpringBootConfiguration com.example.lesson3.Lesson3Application for test class com.example.lesson3.service.CustomUserDetailsServiceTest
2026-03-31 11:54:54.284  INFO 9404 --- [    Test worker] .b.t.c.SpringBootTestContextBootstrapper : Loaded default TestExecutionListener class names from location [META-INF/spring.factories]: [org.springframework.security.test.context.support.WithSecurityContextTestExecutionListener, org.springframework.security.test.context.support.ReactorContextTestExecutionListener, org.springframework.boot.test.autoconfigure.restdocs.RestDocsTestExecutionListener, org.springframework.boot.test.autoconfigure.web.client.MockRestServiceServerResetTestExecutionListener, org.springframework.boot.test.autoconfigure.web.servlet.MockMvcPrintOnlyOnFailureTestExecutionListener, org.springframework.boot.test.autoconfigure.web.servlet.WebDriverTestExecutionListener, org.springframework.boot.test.autoconfigure.webservices.client.MockWebServiceServerTestExecutionListener, org.springframework.boot.test.mock.mockito.MockitoTestExecutionListener, org.springframework.boot.test.mock.mockito.ResetMocksTestExecutionListener, org.springframework.test.context.web.ServletTestExecutionListener, org.springframework.test.context.support.DirtiesContextBeforeModesTestExecutionListener, org.springframework.test.context.event.ApplicationEventsTestExecutionListener, org.springframework.test.context.support.DependencyInjectionTestExecutionListener, org.springframework.test.context.support.DirtiesContextTestExecutionListener, org.springframework.test.context.transaction.TransactionalTestExecutionListener, org.springframework.test.context.jdbc.SqlScriptsTestExecutionListener, org.springframework.test.context.event.EventPublishingTestExecutionListener]
2026-03-31 11:54:54.284  INFO 9404 --- [    Test worker] .b.t.c.SpringBootTestContextBootstrapper : Using TestExecutionListeners: [org.springframework.test.context.web.ServletTestExecutionListener@16a4e4c9, org.springframework.test.context.support.DirtiesContextBeforeModesTestExecutionListener@4b90f49d, org.springframework.test.context.event.ApplicationEventsTestExecutionListener@c54e23b, org.springframework.boot.test.mock.mockito.MockitoTestExecutionListener@7fdaeb6b, org.springframework.boot.test.autoconfigure.SpringBootDependencyInjectionTestExecutionListener@4ee9daf5, org.springframework.test.context.support.DirtiesContextTestExecutionListener@291fba9, org.springframework.test.context.transaction.TransactionalTestExecutionListener@29ff84fa, org.springframework.test.context.jdbc.SqlScriptsTestExecutionListener@156b31d, org.springframework.security.test.context.support.WithSecurityContextTestExecutionListener@168ffb0, org.springframework.test.context.event.EventPublishingTestExecutionListener@ca90087, org.springframework.security.test.context.support.ReactorContextTestExecutionListener@59a49dbc, org.springframework.boot.test.autoconfigure.restdocs.RestDocsTestExecutionListener@6dde03ce, org.springframework.boot.test.autoconfigure.web.client.MockRestServiceServerResetTestExecutionListener@2b0df4ba, org.springframework.boot.test.autoconfigure.web.servlet.MockMvcPrintOnlyOnFailureTestExecutionListener@6f647464, org.springframework.boot.test.autoconfigure.web.servlet.WebDriverTestExecutionListener@12504d49, org.springframework.boot.test.autoconfigure.webservices.client.MockWebServiceServerTestExecutionListener@f8dfcbe, org.springframework.boot.test.mock.mockito.ResetMocksTestExecutionListener@4be171d1]

  .   ____          _            __ _ _
 /\\ / ___'_ __ _ _(_)_ __  __ _ \ \ \ \
( ( )\___ | '_ | '_| | '_ \/ _` | \ \ \ \
 \\/  ___)| |_)| | | | | || (_| |  ) ) ) )
  '  |____| .__|_| |_|_| |_\__, | / / / /
 =========|_|==============|___/=/_/_/_/
 :: Spring Boot ::               (v2.7.18)

2026-03-31 11:54:54.297  INFO 9404 --- [    Test worker] c.e.l.s.CustomUserDetailsServiceTest     : Starting CustomUserDetailsServiceTest using Java 21.0.10 on nta-phuocnv with PID 9404 (started by DevNta_stt in D:\Project Tôi\OrderFood)
2026-03-31 11:54:54.297  INFO 9404 --- [    Test worker] c.e.l.s.CustomUserDetailsServiceTest     : No active profile set, falling back to 1 default profile: "default"
2026-03-31 11:54:54.387  INFO 9404 --- [    Test worker] .s.d.r.c.RepositoryConfigurationDelegate : Bootstrapping Spring Data JPA repositories in DEFAULT mode.
2026-03-31 11:54:54.403  INFO 9404 --- [    Test worker] .s.d.r.c.RepositoryConfigurationDelegate : Finished Spring Data repository scanning in 16 ms. Found 5 JPA repository interfaces.
2026-03-31 11:54:54.483  INFO 9404 --- [    Test worker] com.zaxxer.hikari.HikariDataSource       : HikariPool-2 - Starting...
2026-03-31 11:54:54.485  INFO 9404 --- [    Test worker] com.zaxxer.hikari.HikariDataSource       : HikariPool-2 - Start completed.
2026-03-31 11:54:54.490  INFO 9404 --- [    Test worker] o.hibernate.jpa.internal.util.LogHelper  : HHH000204: Processing PersistenceUnitInfo [name: default]
2026-03-31 11:54:54.493  INFO 9404 --- [    Test worker] org.hibernate.dialect.Dialect            : HHH000400: Using dialect: org.hibernate.dialect.H2Dialect
2026-03-31 11:54:54.541  INFO 9404 --- [    Test worker] o.h.e.t.j.p.i.JtaPlatformInitiator       : HHH000490: Using JtaPlatform implementation: [org.hibernate.engine.transaction.jta.platform.internal.NoJtaPlatform]
2026-03-31 11:54:54.541  INFO 9404 --- [    Test worker] j.LocalContainerEntityManagerFactoryBean : Initialized JPA EntityManagerFactory for persistence unit 'default'
2026-03-31 11:54:54.682  INFO 9404 --- [    Test worker] o.s.s.web.DefaultSecurityFilterChain     : Will secure Ant [pattern='/admin/**'] with [org.springframework.security.web.session.DisableEncodeUrlFilter@b24e21f, org.springframework.security.web.context.request.async.WebAsyncManagerIntegrationFilter@43e7ca6f, org.springframework.security.web.context.SecurityContextPersistenceFilter@4a6c33a0, org.springframework.security.web.header.HeaderWriterFilter@588b2d7a, org.springframework.security.web.authentication.logout.LogoutFilter@167da81d, org.springframework.security.web.authentication.UsernamePasswordAuthenticationFilter@4ed096cc, org.springframework.security.web.savedrequest.RequestCacheAwareFilter@37b0a724, org.springframework.security.web.servletapi.SecurityContextHolderAwareRequestFilter@36d1ac55, org.springframework.security.web.authentication.AnonymousAuthenticationFilter@2e3fdf30, org.springframework.security.web.session.SessionManagementFilter@656dc20f, org.springframework.security.web.access.ExceptionTranslationFilter@6d821475, org.springframework.security.web.access.intercept.FilterSecurityInterceptor@4235e01b]
2026-03-31 11:54:54.684  INFO 9404 --- [    Test worker] o.s.s.web.DefaultSecurityFilterChain     : Will secure any request with [org.springframework.security.web.session.DisableEncodeUrlFilter@2cc3df02, org.springframework.security.web.context.request.async.WebAsyncManagerIntegrationFilter@2a3de2b, org.springframework.security.web.context.SecurityContextPersistenceFilter@6cd0f9a4, org.springframework.security.web.header.HeaderWriterFilter@f2df380, org.springframework.security.web.authentication.logout.LogoutFilter@5188c0f2, org.springframework.security.web.authentication.UsernamePasswordAuthenticationFilter@6ca6d195, org.springframework.security.web.savedrequest.RequestCacheAwareFilter@4d992634, org.springframework.security.web.servletapi.SecurityContextHolderAwareRequestFilter@2d487df4, org.springframework.security.web.authentication.AnonymousAuthenticationFilter@22a9fa23, org.springframework.security.web.session.SessionManagementFilter@2c3762c7, org.springframework.security.web.access.ExceptionTranslationFilter@6c39ba30, org.springframework.security.web.access.intercept.FilterSecurityInterceptor@60580e42]
2026-03-31 11:54:54.742  WARN 9404 --- [    Test worker] JpaBaseConfiguration$JpaWebConfiguration : spring.jpa.open-in-view is enabled by default. Therefore, database queries may be performed during view rendering. Explicitly configure spring.jpa.open-in-view to disable this warning
2026-03-31 11:54:54.874  INFO 9404 --- [    Test worker] c.e.l.s.CustomUserDetailsServiceTest     : Started CustomUserDetailsServiceTest in 0.59 seconds (JVM running for 4.478)
Original password: 123456
Hashed password: $2a$10$VcmRYoZ68lv1q5p4a37oV.zHy8uLv0m3851Qa5hOZ4thzT.gWgmx6
Original password: 123456
Hashed password: $2a$10$MaK57KePMczhrQxbJvBTwu6QimWTzPf.rkM.F.a8.CDoN2uE0CwYO
]]></system-out>
  <system-err><![CDATA[]]></system-err>
</testsuite>
