<?xml version="1.0" encoding="UTF-8"?>
<testsuite name="com.example.lesson3.service.UserServiceTest" tests="7" skipped="0" failures="0" errors="0" timestamp="2026-03-10T07:08:08.761Z" hostname="7d7c05515814" time="0.172">
  <properties/>
  <testcase name="testAuthenticateSuccess()" classname="com.example.lesson3.service.UserServiceTest" time="0.01"/>
  <testcase name="testAuthenticateFailure()" classname="com.example.lesson3.service.UserServiceTest" time="0.008"/>
  <testcase name="testGetAllUsers()" classname="com.example.lesson3.service.UserServiceTest" time="0.002"/>
  <testcase name="testUpdateUser()" classname="com.example.lesson3.service.UserServiceTest" time="0.052"/>
  <testcase name="testCreateUser()" classname="com.example.lesson3.service.UserServiceTest" time="0.088"/>
  <testcase name="testDeleteUser()" classname="com.example.lesson3.service.UserServiceTest" time="0.003"/>
  <testcase name="testGetUserById()" classname="com.example.lesson3.service.UserServiceTest" time="0.001"/>
  <system-out><![CDATA[2026-03-10 07:08:08.693  INFO 276 --- [    Test worker] .b.t.c.SpringBootTestContextBootstrapper : Neither @ContextConfiguration nor @ContextHierarchy found for test class [com.example.lesson3.service.UserServiceTest], using SpringBootContextLoader
2026-03-10 07:08:08.701  INFO 276 --- [    Test worker] o.s.t.c.support.AbstractContextLoader    : Could not detect default resource locations for test class [com.example.lesson3.service.UserServiceTest]: no resource found for suffixes {-context.xml, Context.groovy}.
2026-03-10 07:08:08.701  INFO 276 --- [    Test worker] t.c.s.AnnotationConfigContextLoaderUtils : Could not detect default configuration classes for test class [com.example.lesson3.service.UserServiceTest]: UserServiceTest does not declare any static, non-private, non-final, nested classes annotated with @Configuration.
2026-03-10 07:08:08.711  INFO 276 --- [    Test worker] .b.t.c.SpringBootTestContextBootstrapper : Found @SpringBootConfiguration com.example.lesson3.Lesson3Application for test class com.example.lesson3.service.UserServiceTest
2026-03-10 07:08:08.727  INFO 276 --- [    Test worker] .b.t.c.SpringBootTestContextBootstrapper : Loaded default TestExecutionListener class names from location [META-INF/spring.factories]: [org.springframework.security.test.context.support.WithSecurityContextTestExecutionListener, org.springframework.security.test.context.support.ReactorContextTestExecutionListener, org.springframework.boot.test.autoconfigure.restdocs.RestDocsTestExecutionListener, org.springframework.boot.test.autoconfigure.web.client.MockRestServiceServerResetTestExecutionListener, org.springframework.boot.test.autoconfigure.web.servlet.MockMvcPrintOnlyOnFailureTestExecutionListener, org.springframework.boot.test.autoconfigure.web.servlet.WebDriverTestExecutionListener, org.springframework.boot.test.autoconfigure.webservices.client.MockWebServiceServerTestExecutionListener, org.springframework.boot.test.mock.mockito.MockitoTestExecutionListener, org.springframework.boot.test.mock.mockito.ResetMocksTestExecutionListener, org.springframework.test.context.web.ServletTestExecutionListener, org.springframework.test.context.support.DirtiesContextBeforeModesTestExecutionListener, org.springframework.test.context.event.ApplicationEventsTestExecutionListener, org.springframework.test.context.support.DependencyInjectionTestExecutionListener, org.springframework.test.context.support.DirtiesContextTestExecutionListener, org.springframework.test.context.transaction.TransactionalTestExecutionListener, org.springframework.test.context.jdbc.SqlScriptsTestExecutionListener, org.springframework.test.context.event.EventPublishingTestExecutionListener]
2026-03-10 07:08:08.735  INFO 276 --- [    Test worker] .b.t.c.SpringBootTestContextBootstrapper : Using TestExecutionListeners: [org.springframework.test.context.web.ServletTestExecutionListener@54d3b4fe, org.springframework.test.context.support.DirtiesContextBeforeModesTestExecutionListener@52364a6e, org.springframework.test.context.event.ApplicationEventsTestExecutionListener@5935ade6, org.springframework.boot.test.mock.mockito.MockitoTestExecutionListener@72187492, org.springframework.boot.test.autoconfigure.SpringBootDependencyInjectionTestExecutionListener@3ba55a6b, org.springframework.test.context.support.DirtiesContextTestExecutionListener@5b20024b, org.springframework.test.context.transaction.TransactionalTestExecutionListener@2f8ede54, org.springframework.test.context.jdbc.SqlScriptsTestExecutionListener@1e0383d3, org.springframework.security.test.context.support.WithSecurityContextTestExecutionListener@f64f47a, org.springframework.test.context.event.EventPublishingTestExecutionListener@548d9d87, org.springframework.security.test.context.support.ReactorContextTestExecutionListener@da8853c, org.springframework.boot.test.autoconfigure.restdocs.RestDocsTestExecutionListener@fb79241, org.springframework.boot.test.autoconfigure.web.client.MockRestServiceServerResetTestExecutionListener@275860e9, org.springframework.boot.test.autoconfigure.web.servlet.MockMvcPrintOnlyOnFailureTestExecutionListener@1f81b020, org.springframework.boot.test.autoconfigure.web.servlet.WebDriverTestExecutionListener@56c95789, org.springframework.boot.test.autoconfigure.webservices.client.MockWebServiceServerTestExecutionListener@65dff28b, org.springframework.boot.test.mock.mockito.ResetMocksTestExecutionListener@1e499f1]
Authentication error: Bad credentials
Original password: newpass
Hashed password: $2a$10$Som/fL76W2MAQr41UMHEBeAtQwnhVhColer.Ps.n3ZpTlfPDt0Oau
⚡️ testCreateUser is running...
Original password: plainpass
Hashed password: $2a$10$9JVHImsCw7qZupLKcXz.L.qLP5enqSPh3CCqHRXQLB/zjfX0gjA1i
Original password: plainpass
Hashed password: $2a$10$.pR86EHqy9OM7KR/GQpLxeoQ20D3av61i1LUXXqgj0KlcMI5Y0gD6
]]></system-out>
  <system-err><![CDATA[]]></system-err>
</testsuite>
