<?xml version="1.0" encoding="UTF-8"?>
<testsuite name="com.example.lesson3.repository.ProductRepositoryTest" tests="1" skipped="0" failures="0" errors="0" timestamp="2026-03-10T07:08:08.310Z" hostname="7d7c05515814" time="0.05">
  <properties/>
  <testcase name="testQueries()" classname="com.example.lesson3.repository.ProductRepositoryTest" time="0.05"/>
  <system-out><![CDATA[2026-03-10 07:08:08.274  INFO 276 --- [    Test worker] .b.t.c.SpringBootTestContextBootstrapper : Neither @ContextConfiguration nor @ContextHierarchy found for test class [com.example.lesson3.repository.ProductRepositoryTest], using SpringBootContextLoader
2026-03-10 07:08:08.282  INFO 276 --- [    Test worker] o.s.t.c.support.AbstractContextLoader    : Could not detect default resource locations for test class [com.example.lesson3.repository.ProductRepositoryTest]: no resource found for suffixes {-context.xml, Context.groovy}.
2026-03-10 07:08:08.282  INFO 276 --- [    Test worker] t.c.s.AnnotationConfigContextLoaderUtils : Could not detect default configuration classes for test class [com.example.lesson3.repository.ProductRepositoryTest]: ProductRepositoryTest does not declare any static, non-private, non-final, nested classes annotated with @Configuration.
2026-03-10 07:08:08.289  INFO 276 --- [    Test worker] .b.t.c.SpringBootTestContextBootstrapper : Found @SpringBootConfiguration com.example.lesson3.Lesson3Application for test class com.example.lesson3.repository.ProductRepositoryTest
2026-03-10 07:08:08.297  INFO 276 --- [    Test worker] .b.t.c.SpringBootTestContextBootstrapper : Loaded default TestExecutionListener class names from location [META-INF/spring.factories]: [org.springframework.security.test.context.support.WithSecurityContextTestExecutionListener, org.springframework.security.test.context.support.ReactorContextTestExecutionListener, org.springframework.boot.test.autoconfigure.restdocs.RestDocsTestExecutionListener, org.springframework.boot.test.autoconfigure.web.client.MockRestServiceServerResetTestExecutionListener, org.springframework.boot.test.autoconfigure.web.servlet.MockMvcPrintOnlyOnFailureTestExecutionListener, org.springframework.boot.test.autoconfigure.web.servlet.WebDriverTestExecutionListener, org.springframework.boot.test.autoconfigure.webservices.client.MockWebServiceServerTestExecutionListener, org.springframework.boot.test.mock.mockito.MockitoTestExecutionListener, org.springframework.boot.test.mock.mockito.ResetMocksTestExecutionListener, org.springframework.test.context.web.ServletTestExecutionListener, org.springframework.test.context.support.DirtiesContextBeforeModesTestExecutionListener, org.springframework.test.context.event.ApplicationEventsTestExecutionListener, org.springframework.test.context.support.DependencyInjectionTestExecutionListener, org.springframework.test.context.support.DirtiesContextTestExecutionListener, org.springframework.test.context.transaction.TransactionalTestExecutionListener, org.springframework.test.context.jdbc.SqlScriptsTestExecutionListener, org.springframework.test.context.event.EventPublishingTestExecutionListener]
2026-03-10 07:08:08.302  INFO 276 --- [    Test worker] .b.t.c.SpringBootTestContextBootstrapper : Using TestExecutionListeners: [org.springframework.test.context.web.ServletTestExecutionListener@1d2b49b2, org.springframework.test.context.support.DirtiesContextBeforeModesTestExecutionListener@59ffb0af, org.springframework.test.context.event.ApplicationEventsTestExecutionListener@d6d88b1, org.springframework.boot.test.mock.mockito.MockitoTestExecutionListener@1268ac94, org.springframework.boot.test.autoconfigure.SpringBootDependencyInjectionTestExecutionListener@55c901b2, org.springframework.test.context.support.DirtiesContextTestExecutionListener@7197b96c, org.springframework.test.context.transaction.TransactionalTestExecutionListener@105e9fef, org.springframework.test.context.jdbc.SqlScriptsTestExecutionListener@47858d7c, org.springframework.security.test.context.support.WithSecurityContextTestExecutionListener@5a5cd0af, org.springframework.test.context.event.EventPublishingTestExecutionListener@16cc5e51, org.springframework.security.test.context.support.ReactorContextTestExecutionListener@72090a80, org.springframework.boot.test.autoconfigure.restdocs.RestDocsTestExecutionListener@198c97d0, org.springframework.boot.test.autoconfigure.web.client.MockRestServiceServerResetTestExecutionListener@25e9f5e6, org.springframework.boot.test.autoconfigure.web.servlet.MockMvcPrintOnlyOnFailureTestExecutionListener@512319dc, org.springframework.boot.test.autoconfigure.web.servlet.WebDriverTestExecutionListener@6bc45472, org.springframework.boot.test.autoconfigure.webservices.client.MockWebServiceServerTestExecutionListener@160b7ccd, org.springframework.boot.test.mock.mockito.ResetMocksTestExecutionListener@7c27ed2f]
]]></system-out>
  <system-err><![CDATA[]]></system-err>
</testsuite>
