<?xml version="1.0" encoding="UTF-8"?>
<testsuite name="com.example.lesson3.repository.OrderRepositoryTest" tests="1" skipped="0" failures="0" errors="0" timestamp="2026-03-10T07:08:08.234Z" hostname="7d7c05515814" time="0.039">
  <properties/>
  <testcase name="testStatusAndUserQueries()" classname="com.example.lesson3.repository.OrderRepositoryTest" time="0.039"/>
  <system-out><![CDATA[2026-03-10 07:08:08.200  INFO 276 --- [    Test worker] .b.t.c.SpringBootTestContextBootstrapper : Neither @ContextConfiguration nor @ContextHierarchy found for test class [com.example.lesson3.repository.OrderRepositoryTest], using SpringBootContextLoader
2026-03-10 07:08:08.208  INFO 276 --- [    Test worker] o.s.t.c.support.AbstractContextLoader    : Could not detect default resource locations for test class [com.example.lesson3.repository.OrderRepositoryTest]: no resource found for suffixes {-context.xml, Context.groovy}.
2026-03-10 07:08:08.208  INFO 276 --- [    Test worker] t.c.s.AnnotationConfigContextLoaderUtils : Could not detect default configuration classes for test class [com.example.lesson3.repository.OrderRepositoryTest]: OrderRepositoryTest does not declare any static, non-private, non-final, nested classes annotated with @Configuration.
2026-03-10 07:08:08.214  INFO 276 --- [    Test worker] .b.t.c.SpringBootTestContextBootstrapper : Found @SpringBootConfiguration com.example.lesson3.Lesson3Application for test class com.example.lesson3.repository.OrderRepositoryTest
2026-03-10 07:08:08.222  INFO 276 --- [    Test worker] .b.t.c.SpringBootTestContextBootstrapper : Loaded default TestExecutionListener class names from location [META-INF/spring.factories]: [org.springframework.security.test.context.support.WithSecurityContextTestExecutionListener, org.springframework.security.test.context.support.ReactorContextTestExecutionListener, org.springframework.boot.test.autoconfigure.restdocs.RestDocsTestExecutionListener, org.springframework.boot.test.autoconfigure.web.client.MockRestServiceServerResetTestExecutionListener, org.springframework.boot.test.autoconfigure.web.servlet.MockMvcPrintOnlyOnFailureTestExecutionListener, org.springframework.boot.test.autoconfigure.web.servlet.WebDriverTestExecutionListener, org.springframework.boot.test.autoconfigure.webservices.client.MockWebServiceServerTestExecutionListener, org.springframework.boot.test.mock.mockito.MockitoTestExecutionListener, org.springframework.boot.test.mock.mockito.ResetMocksTestExecutionListener, org.springframework.test.context.web.ServletTestExecutionListener, org.springframework.test.context.support.DirtiesContextBeforeModesTestExecutionListener, org.springframework.test.context.event.ApplicationEventsTestExecutionListener, org.springframework.test.context.support.DependencyInjectionTestExecutionListener, org.springframework.test.context.support.DirtiesContextTestExecutionListener, org.springframework.test.context.transaction.TransactionalTestExecutionListener, org.springframework.test.context.jdbc.SqlScriptsTestExecutionListener, org.springframework.test.context.event.EventPublishingTestExecutionListener]
2026-03-10 07:08:08.227  INFO 276 --- [    Test worker] .b.t.c.SpringBootTestContextBootstrapper : Using TestExecutionListeners: [org.springframework.test.context.web.ServletTestExecutionListener@3dc976da, org.springframework.test.context.support.DirtiesContextBeforeModesTestExecutionListener@5e79bdf6, org.springframework.test.context.event.ApplicationEventsTestExecutionListener@495c4ce7, org.springframework.boot.test.mock.mockito.MockitoTestExecutionListener@3e283f1a, org.springframework.boot.test.autoconfigure.SpringBootDependencyInjectionTestExecutionListener@4821e1a3, org.springframework.test.context.support.DirtiesContextTestExecutionListener@5ba4735c, org.springframework.test.context.transaction.TransactionalTestExecutionListener@70b437bb, org.springframework.test.context.jdbc.SqlScriptsTestExecutionListener@f1b0658, org.springframework.security.test.context.support.WithSecurityContextTestExecutionListener@4870d2e1, org.springframework.test.context.event.EventPublishingTestExecutionListener@30367620, org.springframework.security.test.context.support.ReactorContextTestExecutionListener@61ee9672, org.springframework.boot.test.autoconfigure.restdocs.RestDocsTestExecutionListener@361065d1, org.springframework.boot.test.autoconfigure.web.client.MockRestServiceServerResetTestExecutionListener@78395e28, org.springframework.boot.test.autoconfigure.web.servlet.MockMvcPrintOnlyOnFailureTestExecutionListener@7b3db079, org.springframework.boot.test.autoconfigure.web.servlet.WebDriverTestExecutionListener@6ef5e46a, org.springframework.boot.test.autoconfigure.webservices.client.MockWebServiceServerTestExecutionListener@5b7e2a88, org.springframework.boot.test.mock.mockito.ResetMocksTestExecutionListener@6984f7d1]
]]></system-out>
  <system-err><![CDATA[]]></system-err>
</testsuite>
