<?xml version="1.0" encoding="UTF-8"?>
<testsuite name="com.example.lesson3.repository.OrderItemRepositoryTest" tests="1" skipped="0" failures="0" errors="0" timestamp="2026-03-31T04:54:54.032Z" hostname="NTA-PHUOCNV" time="0.072">
  <properties/>
  <testcase name="testFindByOrderId()" classname="com.example.lesson3.repository.OrderItemRepositoryTest" time="0.072"/>
  <system-out><![CDATA[2026-03-31 11:54:54.020  INFO 9404 --- [    Test worker] .b.t.c.SpringBootTestContextBootstrapper : Neither @ContextConfiguration nor @ContextHierarchy found for test class [com.example.lesson3.repository.OrderItemRepositoryTest], using SpringBootContextLoader
2026-03-31 11:54:54.021  INFO 9404 --- [    Test worker] o.s.t.c.support.AbstractContextLoader    : Could not detect default resource locations for test class [com.example.lesson3.repository.OrderItemRepositoryTest]: no resource found for suffixes {-context.xml, Context.groovy}.
2026-03-31 11:54:54.021  INFO 9404 --- [    Test worker] t.c.s.AnnotationConfigContextLoaderUtils : Could not detect default configuration classes for test class [com.example.lesson3.repository.OrderItemRepositoryTest]: OrderItemRepositoryTest does not declare any static, non-private, non-final, nested classes annotated with @Configuration.
2026-03-31 11:54:54.028  INFO 9404 --- [    Test worker] .b.t.c.SpringBootTestContextBootstrapper : Found @SpringBootConfiguration com.example.lesson3.Lesson3Application for test class com.example.lesson3.repository.OrderItemRepositoryTest
2026-03-31 11:54:54.029  INFO 9404 --- [    Test worker] .b.t.c.SpringBootTestContextBootstrapper : Loaded default TestExecutionListener class names from location [META-INF/spring.factories]: [org.springframework.security.test.context.support.WithSecurityContextTestExecutionListener, org.springframework.security.test.context.support.ReactorContextTestExecutionListener, org.springframework.boot.test.autoconfigure.restdocs.RestDocsTestExecutionListener, org.springframework.boot.test.autoconfigure.web.client.MockRestServiceServerResetTestExecutionListener, org.springframework.boot.test.autoconfigure.web.servlet.MockMvcPrintOnlyOnFailureTestExecutionListener, org.springframework.boot.test.autoconfigure.web.servlet.WebDriverTestExecutionListener, org.springframework.boot.test.autoconfigure.webservices.client.MockWebServiceServerTestExecutionListener, org.springframework.boot.test.mock.mockito.MockitoTestExecutionListener, org.springframework.boot.test.mock.mockito.ResetMocksTestExecutionListener, org.springframework.test.context.web.ServletTestExecutionListener, org.springframework.test.context.support.DirtiesContextBeforeModesTestExecutionListener, org.springframework.test.context.event.ApplicationEventsTestExecutionListener, org.springframework.test.context.support.DependencyInjectionTestExecutionListener, org.springframework.test.context.support.DirtiesContextTestExecutionListener, org.springframework.test.context.transaction.TransactionalTestExecutionListener, org.springframework.test.context.jdbc.SqlScriptsTestExecutionListener, org.springframework.test.context.event.EventPublishingTestExecutionListener]
2026-03-31 11:54:54.029  INFO 9404 --- [    Test worker] .b.t.c.SpringBootTestContextBootstrapper : Using TestExecutionListeners: [org.springframework.test.context.web.ServletTestExecutionListener@5a9004e1, org.springframework.test.context.support.DirtiesContextBeforeModesTestExecutionListener@17af9f67, org.springframework.test.context.event.ApplicationEventsTestExecutionListener@6b6d8671, org.springframework.boot.test.mock.mockito.MockitoTestExecutionListener@484b187c, org.springframework.boot.test.autoconfigure.SpringBootDependencyInjectionTestExecutionListener@1226ba98, org.springframework.test.context.support.DirtiesContextTestExecutionListener@79194b1c, org.springframework.test.context.transaction.TransactionalTestExecutionListener@7ec01440, org.springframework.test.context.jdbc.SqlScriptsTestExecutionListener@6ed87b1c, org.springframework.security.test.context.support.WithSecurityContextTestExecutionListener@490dfe25, org.springframework.test.context.event.EventPublishingTestExecutionListener@7aff1db3, org.springframework.security.test.context.support.ReactorContextTestExecutionListener@46374b8, org.springframework.boot.test.autoconfigure.restdocs.RestDocsTestExecutionListener@29ceefb3, org.springframework.boot.test.autoconfigure.web.client.MockRestServiceServerResetTestExecutionListener@f14d079, org.springframework.boot.test.autoconfigure.web.servlet.MockMvcPrintOnlyOnFailureTestExecutionListener@d0456ad, org.springframework.boot.test.autoconfigure.web.servlet.WebDriverTestExecutionListener@12dd3501, org.springframework.boot.test.autoconfigure.webservices.client.MockWebServiceServerTestExecutionListener@4cb0e39e, org.springframework.boot.test.mock.mockito.ResetMocksTestExecutionListener@650e6569]
]]></system-out>
  <system-err><![CDATA[]]></system-err>
</testsuite>
