<?xml version="1.0" encoding="UTF-8"?>
<testsuite name="com.example.lesson3.service.OrderServiceTest" tests="10" skipped="0" failures="0" errors="0" timestamp="2026-03-31T04:54:54.971Z" hostname="NTA-PHUOCNV" time="0.065">
  <properties/>
  <testcase name="testDeleteOrder()" classname="com.example.lesson3.service.OrderServiceTest" time="0.031"/>
  <testcase name="testUpdateOrderStatus()" classname="com.example.lesson3.service.OrderServiceTest" time="0.003"/>
  <testcase name="testDeleteMultipleOrders()" classname="com.example.lesson3.service.OrderServiceTest" time="0.004"/>
  <testcase name="testCreateOrder_Success()" classname="com.example.lesson3.service.OrderServiceTest" time="0.012"/>
  <testcase name="testGetOrderById()" classname="com.example.lesson3.service.OrderServiceTest" time="0.001"/>
  <testcase name="testFindOrderedProductsToday_Aggregates()" classname="com.example.lesson3.service.OrderServiceTest" time="0.002"/>
  <testcase name="testFindUnpaidOrdersByUser()" classname="com.example.lesson3.service.OrderServiceTest" time="0.001"/>
  <testcase name="testDeleteOrderItem_DeletesOrderWhenLastItem()" classname="com.example.lesson3.service.OrderServiceTest" time="0.004"/>
  <testcase name="testDeleteOrderItem_RecalculatesTotalWhenRemaining()" classname="com.example.lesson3.service.OrderServiceTest" time="0.003"/>
  <testcase name="testCreateOrder_InvalidRequestThrows()" classname="com.example.lesson3.service.OrderServiceTest" time="0.001"/>
  <system-out><![CDATA[2026-03-31 11:54:55.022  INFO 9404 --- [    Test worker] c.example.lesson3.service.OrderService   : Order created: userId=1, storeId=null, total=20.0
]]></system-out>
  <system-err><![CDATA[]]></system-err>
</testsuite>
